<?xml version="1.0" encoding="UTF-8"?>
<!-- Generated by org.testng.reporters.JUnitXMLReporter -->
<testsuite ignored="0" hostname="DESKTOP-840VI3P" failures="14" tests="24" name="Test" time="166.508" errors="0" timestamp="12 Aug 2025 07:43:50 GMT">
  <testcase classname="io.cucumber.testng.AbstractTestNGCucumberTests" name="runScenario" time="9.687"/>
  <testcase classname="io.cucumber.testng.AbstractTestNGCucumberTests" name="runScenario" time="6.041"/>
  <testcase classname="io.cucumber.testng.AbstractTestNGCucumberTests" name="runScenario" time="5.765"/>
  <testcase classname="io.cucumber.testng.AbstractTestNGCucumberTests" name="runScenario" time="6.58"/>
  <testcase classname="io.cucumber.testng.AbstractTestNGCucumberTests" name="runScenario" time="7.362"/>
  <testcase classname="io.cucumber.testng.AbstractTestNGCucumberTests" name="runScenario" time="7.131">
    <failure type="java.lang.AssertionError" message="expected [false] but found [true]">
      <![CDATA[java.lang.AssertionError: expected [false] but found [true]
at com.CallTaxiService.cucumber.stepDefinitions.BookingFormTest.Booking_should_not_happen_due_to_invalid(BookingFormTest.java:62)
at ✽.Booking should not happen due to invalid "Name"(file:///C:/Users/Admin/eclipse-workspace/CallTaxiService/./src/test/java/com/CallTaxiService/cucumber/features/bookingForm.feature:22)
... Removed 4 stack frames]]>
    </failure>
  </testcase> <!-- runScenario -->
  <testcase classname="io.cucumber.testng.AbstractTestNGCucumberTests" name="runScenario" time="6.762">
    <failure type="java.lang.AssertionError" message="expected [false] but found [true]">
      <![CDATA[java.lang.AssertionError: expected [false] but found [true]
at com.CallTaxiService.cucumber.stepDefinitions.BookingFormTest.Booking_should_not_happen_due_to_invalid(BookingFormTest.java:62)
at ✽.Booking should not happen due to invalid "Name"(file:///C:/Users/Admin/eclipse-workspace/CallTaxiService/./src/test/java/com/CallTaxiService/cucumber/features/bookingForm.feature:22)
... Removed 4 stack frames]]>
    </failure>
  </testcase> <!-- runScenario -->
  <testcase classname="io.cucumber.testng.AbstractTestNGCucumberTests" name="runScenario" time="6.49">
    <failure type="java.lang.AssertionError" message="expected [false] but found [true]">
      <![CDATA[java.lang.AssertionError: expected [false] but found [true]
at com.CallTaxiService.cucumber.stepDefinitions.BookingFormTest.Booking_should_not_happen_due_to_invalid(BookingFormTest.java:62)
at ✽.Booking should not happen due to invalid "Name"(file:///C:/Users/Admin/eclipse-workspace/CallTaxiService/./src/test/java/com/CallTaxiService/cucumber/features/bookingForm.feature:22)
... Removed 4 stack frames]]>
    </failure>
  </testcase> <!-- runScenario -->
  <testcase classname="io.cucumber.testng.AbstractTestNGCucumberTests" name="runScenario" time="6.754">
    <failure type="java.lang.AssertionError" message="expected [false] but found [true]">
      <![CDATA[java.lang.AssertionError: expected [false] but found [true]
at com.CallTaxiService.cucumber.stepDefinitions.BookingFormTest.Booking_should_not_happen_due_to_invalid(BookingFormTest.java:62)
at ✽.Booking should not happen due to invalid "Name"(file:///C:/Users/Admin/eclipse-workspace/CallTaxiService/./src/test/java/com/CallTaxiService/cucumber/features/bookingForm.feature:22)
... Removed 4 stack frames]]>
    </failure>
  </testcase> <!-- runScenario -->
  <testcase classname="io.cucumber.testng.AbstractTestNGCucumberTests" name="runScenario" time="6.374"/>
  <testcase classname="io.cucumber.testng.AbstractTestNGCucumberTests" name="runScenario" time="6.826">
    <failure type="java.lang.AssertionError" message="expected [false] but found [true]">
      <![CDATA[java.lang.AssertionError: expected [false] but found [true]
at com.CallTaxiService.cucumber.stepDefinitions.BookingFormTest.Booking_should_not_happen_due_to_invalid(BookingFormTest.java:62)
at ✽.Booking should not happen due to invalid "Email"(file:///C:/Users/Admin/eclipse-workspace/CallTaxiService/./src/test/java/com/CallTaxiService/cucumber/features/bookingForm.feature:38)
... Removed 4 stack frames]]>
    </failure>
  </testcase> <!-- runScenario -->
  <testcase classname="io.cucumber.testng.AbstractTestNGCucumberTests" name="runScenario" time="6.644">
    <failure type="java.lang.AssertionError" message="expected [false] but found [true]">
      <![CDATA[java.lang.AssertionError: expected [false] but found [true]
at com.CallTaxiService.cucumber.stepDefinitions.BookingFormTest.Booking_should_not_happen_due_to_invalid(BookingFormTest.java:62)
at ✽.Booking should not happen due to invalid "Email"(file:///C:/Users/Admin/eclipse-workspace/CallTaxiService/./src/test/java/com/CallTaxiService/cucumber/features/bookingForm.feature:38)
... Removed 4 stack frames]]>
    </failure>
  </testcase> <!-- runScenario -->
  <testcase classname="io.cucumber.testng.AbstractTestNGCucumberTests" name="runScenario" time="6.446">
    <failure type="java.lang.AssertionError" message="expected [false] but found [true]">
      <![CDATA[java.lang.AssertionError: expected [false] but found [true]
at com.CallTaxiService.cucumber.stepDefinitions.BookingFormTest.Booking_should_not_happen_due_to_invalid(BookingFormTest.java:62)
at ✽.Booking should not happen due to invalid "Email"(file:///C:/Users/Admin/eclipse-workspace/CallTaxiService/./src/test/java/com/CallTaxiService/cucumber/features/bookingForm.feature:38)
... Removed 4 stack frames]]>
    </failure>
  </testcase> <!-- runScenario -->
  <testcase classname="io.cucumber.testng.AbstractTestNGCucumberTests" name="runScenario" time="6.775">
    <failure type="java.lang.AssertionError" message="expected [false] but found [true]">
      <![CDATA[java.lang.AssertionError: expected [false] but found [true]
at com.CallTaxiService.cucumber.stepDefinitions.BookingFormTest.Booking_should_not_happen_due_to_invalid(BookingFormTest.java:62)
at ✽.Booking should not happen due to invalid "Email"(file:///C:/Users/Admin/eclipse-workspace/CallTaxiService/./src/test/java/com/CallTaxiService/cucumber/features/bookingForm.feature:38)
... Removed 4 stack frames]]>
    </failure>
  </testcase> <!-- runScenario -->
  <testcase classname="io.cucumber.testng.AbstractTestNGCucumberTests" name="runScenario" time="6.613"/>
  <testcase classname="io.cucumber.testng.AbstractTestNGCucumberTests" name="runScenario" time="7.281">
    <failure type="java.lang.AssertionError" message="expected [false] but found [true]">
      <![CDATA[java.lang.AssertionError: expected [false] but found [true]
at com.CallTaxiService.cucumber.stepDefinitions.BookingFormTest.Booking_should_not_happen_due_to_invalid(BookingFormTest.java:62)
at ✽.Booking should not happen due to invalid "phoneNo"(file:///C:/Users/Admin/eclipse-workspace/CallTaxiService/./src/test/java/com/CallTaxiService/cucumber/features/bookingForm.feature:54)
... Removed 4 stack frames]]>
    </failure>
  </testcase> <!-- runScenario -->
  <testcase classname="io.cucumber.testng.AbstractTestNGCucumberTests" name="runScenario" time="7.559">
    <failure type="java.lang.AssertionError" message="expected [false] but found [true]">
      <![CDATA[java.lang.AssertionError: expected [false] but found [true]
at com.CallTaxiService.cucumber.stepDefinitions.BookingFormTest.Booking_should_not_happen_due_to_invalid(BookingFormTest.java:62)
at ✽.Booking should not happen due to invalid "phoneNo"(file:///C:/Users/Admin/eclipse-workspace/CallTaxiService/./src/test/java/com/CallTaxiService/cucumber/features/bookingForm.feature:54)
... Removed 4 stack frames]]>
    </failure>
  </testcase> <!-- runScenario -->
  <testcase classname="io.cucumber.testng.AbstractTestNGCucumberTests" name="runScenario" time="6.703">
    <failure type="java.lang.AssertionError" message="expected [false] but found [true]">
      <![CDATA[java.lang.AssertionError: expected [false] but found [true]
at com.CallTaxiService.cucumber.stepDefinitions.BookingFormTest.Booking_should_not_happen_due_to_invalid(BookingFormTest.java:62)
at ✽.Booking should not happen due to invalid "phoneNo"(file:///C:/Users/Admin/eclipse-workspace/CallTaxiService/./src/test/java/com/CallTaxiService/cucumber/features/bookingForm.feature:54)
... Removed 4 stack frames]]>
    </failure>
  </testcase> <!-- runScenario -->
  <testcase classname="io.cucumber.testng.AbstractTestNGCucumberTests" name="runScenario" time="6.961">
    <failure type="java.lang.AssertionError" message="expected [false] but found [true]">
      <![CDATA[java.lang.AssertionError: expected [false] but found [true]
at com.CallTaxiService.cucumber.stepDefinitions.BookingFormTest.Booking_should_not_happen_due_to_invalid(BookingFormTest.java:62)
at ✽.Booking should not happen due to invalid "phoneNo"(file:///C:/Users/Admin/eclipse-workspace/CallTaxiService/./src/test/java/com/CallTaxiService/cucumber/features/bookingForm.feature:54)
... Removed 4 stack frames]]>
    </failure>
  </testcase> <!-- runScenario -->
  <testcase classname="io.cucumber.testng.AbstractTestNGCucumberTests" name="runScenario" time="6.495"/>
  <testcase classname="io.cucumber.testng.AbstractTestNGCucumberTests" name="runScenario" time="6.48"/>
  <testcase classname="io.cucumber.testng.AbstractTestNGCucumberTests" name="runScenario" time="6.826"/>
  <testcase classname="io.cucumber.testng.AbstractTestNGCucumberTests" name="runScenario" time="6.982">
    <failure type="java.lang.AssertionError" message="expected [false] but found [true]">
      <![CDATA[java.lang.AssertionError: expected [false] but found [true]
at com.CallTaxiService.cucumber.stepDefinitions.BookingFormTest.Booking_should_not_happen_due_to_invalid(BookingFormTest.java:62)
at ✽.Booking should not happen due to invalid "Date"(file:///C:/Users/Admin/eclipse-workspace/CallTaxiService/./src/test/java/com/CallTaxiService/cucumber/features/bookingForm.feature:87)
... Removed 4 stack frames]]>
    </failure>
  </testcase> <!-- runScenario -->
  <testcase classname="io.cucumber.testng.AbstractTestNGCucumberTests" name="runScenario" time="6.815">
    <failure type="java.lang.AssertionError" message="expected [false] but found [true]">
      <![CDATA[java.lang.AssertionError: expected [false] but found [true]
at com.CallTaxiService.cucumber.stepDefinitions.BookingFormTest.Booking_should_not_happen_due_to_invalid(BookingFormTest.java:62)
at ✽.Booking should not happen due to invalid "Date"(file:///C:/Users/Admin/eclipse-workspace/CallTaxiService/./src/test/java/com/CallTaxiService/cucumber/features/bookingForm.feature:87)
... Removed 4 stack frames]]>
    </failure>
  </testcase> <!-- runScenario -->
</testsuite> <!-- Test -->
