<?xml version="1.0" encoding="UTF-8"?>
<testsuite xmlns:xsi="http://www.w3.org/2001/XMLSchema-instance" xsi:noNamespaceSchemaLocation="https://maven.apache.org/surefire/maven-surefire-plugin/xsd/surefire-test-report.xsd" version="3.0.1" name="TestSuite" time="207.373" tests="24" errors="0" skipped="0" failures="14">
  <properties>
[...]
</properties>
  <testcase name="runScenario[&quot;Validate the cab type links&quot;, &quot;Service Cab Type links functionality&quot;](1)" classname="com.CallTaxiService.cucumber.runners.CucumberRunnerTests" time="10.769">
    <system-out><![CDATA[[TestNGContentHandler] [WARN] It is strongly recommended to add "<!DOCTYPE suite SYSTEM "http://testng.org/testng-1.0.dtd" >" at the top of your file, otherwise TestNG may fail or not work as expected.

@Services @TC_SERV_001
Scenario Outline: Validate the cab type links        &amp#27;[90m# src/test/java/com/CallTaxiService/cucumber/features/ServiceLinks.feature:15&amp#27;[0m
  &amp#27;[32mGiven &amp#27;[0m&amp#27;[32mNavigate to the url by launching the browser&amp#27;[0m &amp#27;[90m# com.CallTaxiService.cucumber.stepDefinitions.ServiceLinksTest.navigate_to_the_url_by_launching_the_browser()&amp#27;[0m
[INFO ] 2025-08-03 12:44:13.596 [main] - Services link launched
  &amp#27;[32mWhen &amp#27;[0m&amp#27;[32mClick on Services&amp#27;[0m                             &amp#27;[90m# com.CallTaxiService.cucumber.stepDefinitions.ServiceLinksTest.click_on_Services()&amp#27;[0m
  &amp#27;[32mAnd &amp#27;[0m&amp#27;[32mVerify the presence of &amp#27;[0m&amp#27;[32m&amp#27;[1m"Mini"&amp#27;[0m&amp#27;[32m link&amp#27;[0m             &amp#27;[90m# com.CallTaxiService.cucumber.stepDefinitions.ServiceLinksTest.Verify_the_presence_of_links(java.lang.String)&amp#27;[0m
  &amp#27;[32mAnd &amp#27;[0m&amp#27;[32mVerify the &amp#27;[0m&amp#27;[32m&amp#27;[1m"Mini"&amp#27;[0m&amp#27;[32m label&amp#27;[0m                        &amp#27;[90m# com.CallTaxiService.cucumber.stepDefinitions.ServiceLinksTest.Verify_the_labels(java.lang.String)&amp#27;[0m
  &amp#27;[32mAnd &amp#27;[0m&amp#27;[32mClick on &amp#27;[0m&amp#27;[32m&amp#27;[1m"Mini"&amp#27;[0m&amp#27;[32m cab type link&amp#27;[0m                  &amp#27;[90m# com.CallTaxiService.cucumber.stepDefinitions.ServiceLinksTest.click_on_cab_type_link(java.lang.String)&amp#27;[0m
[INFO ] 2025-08-03 12:44:14.044 [main] - Mini details displayed
  &amp#27;[32mThen &amp#27;[0m&amp#27;[32mVerify the details displayed for &amp#27;[0m&amp#27;[32m&amp#27;[1m"Mini"&amp#27;[0m       &amp#27;[90m# com.CallTaxiService.cucumber.stepDefinitions.ServiceLinksTest.Verify_the_details_displayed_for(java.lang.String)&amp#27;[0m
]]></system-out>
  </testcase>
  <testcase name="runScenario[&quot;Validate the cab type links&quot;, &quot;Service Cab Type links functionality&quot;](2)" classname="com.CallTaxiService.cucumber.runners.CucumberRunnerTests" time="7.614">
    <system-out><![CDATA[
@Services @TC_SERV_001
Scenario Outline: Validate the cab type links        &amp#27;[90m# src/test/java/com/CallTaxiService/cucumber/features/ServiceLinks.feature:16&amp#27;[0m
  &amp#27;[32mGiven &amp#27;[0m&amp#27;[32mNavigate to the url by launching the browser&amp#27;[0m &amp#27;[90m# com.CallTaxiService.cucumber.stepDefinitions.ServiceLinksTest.navigate_to_the_url_by_launching_the_browser()&amp#27;[0m
[INFO ] 2025-08-03 12:44:21.334 [main] - Services link launched
  &amp#27;[32mWhen &amp#27;[0m&amp#27;[32mClick on Services&amp#27;[0m                             &amp#27;[90m# com.CallTaxiService.cucumber.stepDefinitions.ServiceLinksTest.click_on_Services()&amp#27;[0m
  &amp#27;[32mAnd &amp#27;[0m&amp#27;[32mVerify the presence of &amp#27;[0m&amp#27;[32m&amp#27;[1m"Micro"&amp#27;[0m&amp#27;[32m link&amp#27;[0m            &amp#27;[90m# com.CallTaxiService.cucumber.stepDefinitions.ServiceLinksTest.Verify_the_presence_of_links(java.lang.String)&amp#27;[0m
  &amp#27;[32mAnd &amp#27;[0m&amp#27;[32mVerify the &amp#27;[0m&amp#27;[32m&amp#27;[1m"Micro"&amp#27;[0m&amp#27;[32m label&amp#27;[0m                       &amp#27;[90m# com.CallTaxiService.cucumber.stepDefinitions.ServiceLinksTest.Verify_the_labels(java.lang.String)&amp#27;[0m
  &amp#27;[32mAnd &amp#27;[0m&amp#27;[32mClick on &amp#27;[0m&amp#27;[32m&amp#27;[1m"Micro"&amp#27;[0m&amp#27;[32m cab type link&amp#27;[0m                 &amp#27;[90m# com.CallTaxiService.cucumber.stepDefinitions.ServiceLinksTest.click_on_cab_type_link(java.lang.String)&amp#27;[0m
[INFO ] 2025-08-03 12:44:21.742 [main] - Micro details displayed
  &amp#27;[32mThen &amp#27;[0m&amp#27;[32mVerify the details displayed for &amp#27;[0m&amp#27;[32m&amp#27;[1m"Micro"&amp#27;[0m      &amp#27;[90m# com.CallTaxiService.cucumber.stepDefinitions.ServiceLinksTest.Verify_the_details_displayed_for(java.lang.String)&amp#27;[0m
]]></system-out>
  </testcase>
  <testcase name="runScenario[&quot;Validate the cab type links&quot;, &quot;Service Cab Type links functionality&quot;](3)" classname="com.CallTaxiService.cucumber.runners.CucumberRunnerTests" time="7.236">
    <system-out><![CDATA[
@Services @TC_SERV_001
Scenario Outline: Validate the cab type links        &amp#27;[90m# src/test/java/com/CallTaxiService/cucumber/features/ServiceLinks.feature:17&amp#27;[0m
  &amp#27;[32mGiven &amp#27;[0m&amp#27;[32mNavigate to the url by launching the browser&amp#27;[0m &amp#27;[90m# com.CallTaxiService.cucumber.stepDefinitions.ServiceLinksTest.navigate_to_the_url_by_launching_the_browser()&amp#27;[0m
[INFO ] 2025-08-03 12:44:28.570 [main] - Services link launched
  &amp#27;[32mWhen &amp#27;[0m&amp#27;[32mClick on Services&amp#27;[0m                             &amp#27;[90m# com.CallTaxiService.cucumber.stepDefinitions.ServiceLinksTest.click_on_Services()&amp#27;[0m
  &amp#27;[32mAnd &amp#27;[0m&amp#27;[32mVerify the presence of &amp#27;[0m&amp#27;[32m&amp#27;[1m"Sedan"&amp#27;[0m&amp#27;[32m link&amp#27;[0m            &amp#27;[90m# com.CallTaxiService.cucumber.stepDefinitions.ServiceLinksTest.Verify_the_presence_of_links(java.lang.String)&amp#27;[0m
  &amp#27;[32mAnd &amp#27;[0m&amp#27;[32mVerify the &amp#27;[0m&amp#27;[32m&amp#27;[1m"Sedan"&amp#27;[0m&amp#27;[32m label&amp#27;[0m                       &amp#27;[90m# com.CallTaxiService.cucumber.stepDefinitions.ServiceLinksTest.Verify_the_labels(java.lang.String)&amp#27;[0m
  &amp#27;[32mAnd &amp#27;[0m&amp#27;[32mClick on &amp#27;[0m&amp#27;[32m&amp#27;[1m"Sedan"&amp#27;[0m&amp#27;[32m cab type link&amp#27;[0m                 &amp#27;[90m# com.CallTaxiService.cucumber.stepDefinitions.ServiceLinksTest.click_on_cab_type_link(java.lang.String)&amp#27;[0m
[INFO ] 2025-08-03 12:44:28.984 [main] - Sedan details displayed
  &amp#27;[32mThen &amp#27;[0m&amp#27;[32mVerify the details displayed for &amp#27;[0m&amp#27;[32m&amp#27;[1m"Sedan"&amp#27;[0m      &amp#27;[90m# com.CallTaxiService.cucumber.stepDefinitions.ServiceLinksTest.Verify_the_details_displayed_for(java.lang.String)&amp#27;[0m
]]></system-out>
  </testcase>
  <testcase name="runScenario[&quot;Validate the cab type links&quot;, &quot;Service Cab Type links functionality&quot;](4)" classname="com.CallTaxiService.cucumber.runners.CucumberRunnerTests" time="7.473">
    <system-out><![CDATA[
@Services @TC_SERV_001
Scenario Outline: Validate the cab type links        &amp#27;[90m# src/test/java/com/CallTaxiService/cucumber/features/ServiceLinks.feature:18&amp#27;[0m
  &amp#27;[32mGiven &amp#27;[0m&amp#27;[32mNavigate to the url by launching the browser&amp#27;[0m &amp#27;[90m# com.CallTaxiService.cucumber.stepDefinitions.ServiceLinksTest.navigate_to_the_url_by_launching_the_browser()&amp#27;[0m
[INFO ] 2025-08-03 12:44:36.041 [main] - Services link launched
  &amp#27;[32mWhen &amp#27;[0m&amp#27;[32mClick on Services&amp#27;[0m                             &amp#27;[90m# com.CallTaxiService.cucumber.stepDefinitions.ServiceLinksTest.click_on_Services()&amp#27;[0m
  &amp#27;[32mAnd &amp#27;[0m&amp#27;[32mVerify the presence of &amp#27;[0m&amp#27;[32m&amp#27;[1m"Suv"&amp#27;[0m&amp#27;[32m link&amp#27;[0m              &amp#27;[90m# com.CallTaxiService.cucumber.stepDefinitions.ServiceLinksTest.Verify_the_presence_of_links(java.lang.String)&amp#27;[0m
  &amp#27;[32mAnd &amp#27;[0m&amp#27;[32mVerify the &amp#27;[0m&amp#27;[32m&amp#27;[1m"Suv"&amp#27;[0m&amp#27;[32m label&amp#27;[0m                         &amp#27;[90m# com.CallTaxiService.cucumber.stepDefinitions.ServiceLinksTest.Verify_the_labels(java.lang.String)&amp#27;[0m
  &amp#27;[32mAnd &amp#27;[0m&amp#27;[32mClick on &amp#27;[0m&amp#27;[32m&amp#27;[1m"Suv"&amp#27;[0m&amp#27;[32m cab type link&amp#27;[0m                   &amp#27;[90m# com.CallTaxiService.cucumber.stepDefinitions.ServiceLinksTest.click_on_cab_type_link(java.lang.String)&amp#27;[0m
[INFO ] 2025-08-03 12:44:36.418 [main] - Suv details displayed
  &amp#27;[32mThen &amp#27;[0m&amp#27;[32mVerify the details displayed for &amp#27;[0m&amp#27;[32m&amp#27;[1m"Suv"&amp#27;[0m        &amp#27;[90m# com.CallTaxiService.cucumber.stepDefinitions.ServiceLinksTest.Verify_the_details_displayed_for(java.lang.String)&amp#27;[0m
]]></system-out>
  </testcase>
  <testcase name="runScenario[&quot;Enter valid details in booking form and validate the details displayed&quot;, &quot;Book a taxi functionality&quot;](5)" classname="com.CallTaxiService.cucumber.runners.CucumberRunnerTests" time="10.286">
    <system-out><![CDATA[
@Booking @TC_BOOK_001
Scenario: Enter valid details in booking form and validate the details displayed &amp#27;[90m# src/test/java/com/CallTaxiService/cucumber/features/bookingForm.feature:10&amp#27;[0m
  &amp#27;[32mGiven &amp#27;[0m&amp#27;[32mNavigate to url by launching the browser&amp#27;[0m                                 &amp#27;[90m# com.CallTaxiService.cucumber.stepDefinitions.BookingFormTest.navigate_to_url_by_launching_the_browser()&amp#27;[0m
[INFO ] 2025-08-03 12:44:44.342 [main] - Booking link launched
  &amp#27;[32mWhen &amp#27;[0m&amp#27;[32mClick on Booking&amp#27;[0m                                                          &amp#27;[90m# com.CallTaxiService.cucumber.stepDefinitions.BookingFormTest.click_on_booking()&amp#27;[0m
  &amp#27;[32mAnd &amp#27;[0m&amp#27;[32mFill all the fields with valid details from &amp#27;[0m&amp#27;[32m&amp#27;[1m"ValidData"&amp#27;[0m&amp#27;[32m sheet&amp#27;[0m              &amp#27;[90m# com.CallTaxiService.cucumber.stepDefinitions.BookingFormTest.fill_all_the_fields_with_valid_details_from_sheet(java.lang.String)&amp#27;[0m
  &amp#27;[32mAnd &amp#27;[0m&amp#27;[32mClick on Book Now&amp#27;[0m                                                          &amp#27;[90m# com.CallTaxiService.cucumber.stepDefinitions.BookingFormTest.click_on_book_now()&amp#27;[0m
[INFO ] 2025-08-03 12:44:46.666 [main] - Booking confirmed
  &amp#27;[32mThen &amp#27;[0m&amp#27;[32mSuccess message with booking details in tabular format should appear&amp#27;[0m      &amp#27;[90m# com.CallTaxiService.cucumber.stepDefinitions.BookingFormTest.success_message_with_booking_details_in_tabular_format_should_appear()&amp#27;[0m
]]></system-out>
  </testcase>
  <testcase name="runScenario[&quot;Validate invalid characters in Name field&quot;, &quot;Book a taxi functionality&quot;](6)" classname="com.CallTaxiService.cucumber.runners.CucumberRunnerTests" time="8.661">
    <failure message="expected [false] but found [true]" type="java.lang.AssertionError"><![CDATA[java.lang.AssertionError: expected [false] but found [true]
	at org.testng.Assert.fail(Assert.java:96)
	at org.testng.Assert.failNotEquals(Assert.java:776)
	at org.testng.Assert.assertFalse(Assert.java:65)
	at org.testng.Assert.assertFalse(Assert.java:75)
	at com.CallTaxiService.cucumber.stepDefinitions.BookingFormTest.Booking_should_not_happen_due_to_invalid(BookingFormTest.java:62)
	at ✽.Booking should not happen due to invalid "Name"(file:///C:/Users/Admin/eclipse-workspace/CallTaxiService/./src/test/java/com/CallTaxiService/cucumber/features/bookingForm.feature:22)
]]></failure>
    <system-out><![CDATA[
@Booking @TC_BOOK_002
Scenario Outline: Validate invalid characters in Name field &amp#27;[90m# src/test/java/com/CallTaxiService/cucumber/features/bookingForm.feature:25&amp#27;[0m
  &amp#27;[32mGiven &amp#27;[0m&amp#27;[32mNavigate to url by launching the browser&amp#27;[0m            &amp#27;[90m# com.CallTaxiService.cucumber.stepDefinitions.BookingFormTest.navigate_to_url_by_launching_the_browser()&amp#27;[0m
[INFO ] 2025-08-03 12:44:54.061 [main] - Booking link launched
  &amp#27;[32mWhen &amp#27;[0m&amp#27;[32mClick on Booking&amp#27;[0m                                     &amp#27;[90m# com.CallTaxiService.cucumber.stepDefinitions.BookingFormTest.click_on_booking()&amp#27;[0m
  &amp#27;[32mAnd &amp#27;[0m&amp#27;[32mEnter invalid data in &amp#27;[0m&amp#27;[32m&amp#27;[1m"name"&amp#27;[0m&amp#27;[32m field like &amp#27;[0m&amp#27;[32m&amp#27;[1m"&%*@"&amp#27;[0m        &amp#27;[90m# com.CallTaxiService.cucumber.stepDefinitions.BookingFormTest.enter_invalid_data_in_field_like(java.lang.String,java.lang.String)&amp#27;[0m
  &amp#27;[32mAnd &amp#27;[0m&amp#27;[32mFill remaining details&amp#27;[0m                                &amp#27;[90m# com.CallTaxiService.cucumber.stepDefinitions.BookingFormTest.fill_remaining_details(io.cucumber.datatable.DataTable)&amp#27;[0m
    | Email                    | PhoneNo    | PassengerCount | Trip       | CabType | CarType | Date     | Time  | TripType |
    | Shruthi.GS@cognizant.com | 1234567890 | 1              | local trip | Mini    | Non-Ac  | 19/08/25 | 10:00 | one way  |
  &amp#27;[32mAnd &amp#27;[0m&amp#27;[32mClick on Book Now&amp#27;[0m                                     &amp#27;[90m# com.CallTaxiService.cucumber.stepDefinitions.BookingFormTest.click_on_book_now()&amp#27;[0m
[ERROR] 2025-08-03 12:44:55.420 [main] - No error message for invalid Name entry!
  &amp#27;[31mThen &amp#27;[0m&amp#27;[31mBooking should not happen due to invalid &amp#27;[0m&amp#27;[31m&amp#27;[1m"Name"&amp#27;[0m      &amp#27;[90m# com.CallTaxiService.cucumber.stepDefinitions.BookingFormTest.Booking_should_not_happen_due_to_invalid(java.lang.String)&amp#27;[0m
      &amp#27;[31mjava.lang.AssertionError: expected [false] but found [true]
	at org.testng.Assert.fail(Assert.java:96)
	at org.testng.Assert.failNotEquals(Assert.java:776)
	at org.testng.Assert.assertFalse(Assert.java:65)
	at org.testng.Assert.assertFalse(Assert.java:75)
	at com.CallTaxiService.cucumber.stepDefinitions.BookingFormTest.Booking_should_not_happen_due_to_invalid(BookingFormTest.java:62)
	at ✽.Booking should not happen due to invalid "Name"(file:///C:/Users/Admin/eclipse-workspace/CallTaxiService/./src/test/java/com/CallTaxiService/cucumber/features/bookingForm.feature:22)
&amp#27;[0m
]]></system-out>
  </testcase>
  <testcase name="runScenario[&quot;Validate invalid characters in Name field&quot;, &quot;Book a taxi functionality&quot;](7)" classname="com.CallTaxiService.cucumber.runners.CucumberRunnerTests" time="8.711">
    <failure message="expected [false] but found [true]" type="java.lang.AssertionError"><![CDATA[java.lang.AssertionError: expected [false] but found [true]
	at org.testng.Assert.fail(Assert.java:96)
	at org.testng.Assert.failNotEquals(Assert.java:776)
	at org.testng.Assert.assertFalse(Assert.java:65)
	at org.testng.Assert.assertFalse(Assert.java:75)
	at com.CallTaxiService.cucumber.stepDefinitions.BookingFormTest.Booking_should_not_happen_due_to_invalid(BookingFormTest.java:62)
	at ✽.Booking should not happen due to invalid "Name"(file:///C:/Users/Admin/eclipse-workspace/CallTaxiService/./src/test/java/com/CallTaxiService/cucumber/features/bookingForm.feature:22)
]]></failure>
    <system-out><![CDATA[
@Booking @TC_BOOK_002
Scenario Outline: Validate invalid characters in Name field &amp#27;[90m# src/test/java/com/CallTaxiService/cucumber/features/bookingForm.feature:26&amp#27;[0m
  &amp#27;[32mGiven &amp#27;[0m&amp#27;[32mNavigate to url by launching the browser&amp#27;[0m            &amp#27;[90m# com.CallTaxiService.cucumber.stepDefinitions.BookingFormTest.navigate_to_url_by_launching_the_browser()&amp#27;[0m
[INFO ] 2025-08-03 12:45:02.573 [main] - Booking link launched
  &amp#27;[32mWhen &amp#27;[0m&amp#27;[32mClick on Booking&amp#27;[0m                                     &amp#27;[90m# com.CallTaxiService.cucumber.stepDefinitions.BookingFormTest.click_on_booking()&amp#27;[0m
  &amp#27;[32mAnd &amp#27;[0m&amp#27;[32mEnter invalid data in &amp#27;[0m&amp#27;[32m&amp#27;[1m"name"&amp#27;[0m&amp#27;[32m field like &amp#27;[0m&amp#27;[32m&amp#27;[1m"1234"&amp#27;[0m        &amp#27;[90m# com.CallTaxiService.cucumber.stepDefinitions.BookingFormTest.enter_invalid_data_in_field_like(java.lang.String,java.lang.String)&amp#27;[0m
  &amp#27;[32mAnd &amp#27;[0m&amp#27;[32mFill remaining details&amp#27;[0m                                &amp#27;[90m# com.CallTaxiService.cucumber.stepDefinitions.BookingFormTest.fill_remaining_details(io.cucumber.datatable.DataTable)&amp#27;[0m
    | Email                    | PhoneNo    | PassengerCount | Trip       | CabType | CarType | Date     | Time  | TripType |
    | Shruthi.GS@cognizant.com | 1234567890 | 1              | local trip | Mini    | Non-Ac  | 19/08/25 | 10:00 | one way  |
  &amp#27;[32mAnd &amp#27;[0m&amp#27;[32mClick on Book Now&amp#27;[0m                                     &amp#27;[90m# com.CallTaxiService.cucumber.stepDefinitions.BookingFormTest.click_on_book_now()&amp#27;[0m
[ERROR] 2025-08-03 12:45:04.143 [main] - No error message for invalid Name entry!
  &amp#27;[31mThen &amp#27;[0m&amp#27;[31mBooking should not happen due to invalid &amp#27;[0m&amp#27;[31m&amp#27;[1m"Name"&amp#27;[0m      &amp#27;[90m# com.CallTaxiService.cucumber.stepDefinitions.BookingFormTest.Booking_should_not_happen_due_to_invalid(java.lang.String)&amp#27;[0m
      &amp#27;[31mjava.lang.AssertionError: expected [false] but found [true]
	at org.testng.Assert.fail(Assert.java:96)
	at org.testng.Assert.failNotEquals(Assert.java:776)
	at org.testng.Assert.assertFalse(Assert.java:65)
	at org.testng.Assert.assertFalse(Assert.java:75)
	at com.CallTaxiService.cucumber.stepDefinitions.BookingFormTest.Booking_should_not_happen_due_to_invalid(BookingFormTest.java:62)
	at ✽.Booking should not happen due to invalid "Name"(file:///C:/Users/Admin/eclipse-workspace/CallTaxiService/./src/test/java/com/CallTaxiService/cucumber/features/bookingForm.feature:22)
&amp#27;[0m
]]></system-out>
  </testcase>
  <testcase name="runScenario[&quot;Validate invalid characters in Name field&quot;, &quot;Book a taxi functionality&quot;](8)" classname="com.CallTaxiService.cucumber.runners.CucumberRunnerTests" time="8.88">
    <failure message="expected [false] but found [true]" type="java.lang.AssertionError"><![CDATA[java.lang.AssertionError: expected [false] but found [true]
	at org.testng.Assert.fail(Assert.java:96)
	at org.testng.Assert.failNotEquals(Assert.java:776)
	at org.testng.Assert.assertFalse(Assert.java:65)
	at org.testng.Assert.assertFalse(Assert.java:75)
	at com.CallTaxiService.cucumber.stepDefinitions.BookingFormTest.Booking_should_not_happen_due_to_invalid(BookingFormTest.java:62)
	at ✽.Booking should not happen due to invalid "Name"(file:///C:/Users/Admin/eclipse-workspace/CallTaxiService/./src/test/java/com/CallTaxiService/cucumber/features/bookingForm.feature:22)
]]></failure>
    <system-out><![CDATA[
@Booking @TC_BOOK_002
Scenario Outline: Validate invalid characters in Name field &amp#27;[90m# src/test/java/com/CallTaxiService/cucumber/features/bookingForm.feature:27&amp#27;[0m
  &amp#27;[32mGiven &amp#27;[0m&amp#27;[32mNavigate to url by launching the browser&amp#27;[0m            &amp#27;[90m# com.CallTaxiService.cucumber.stepDefinitions.BookingFormTest.navigate_to_url_by_launching_the_browser()&amp#27;[0m
[INFO ] 2025-08-03 12:45:11.755 [main] - Booking link launched
  &amp#27;[32mWhen &amp#27;[0m&amp#27;[32mClick on Booking&amp#27;[0m                                     &amp#27;[90m# com.CallTaxiService.cucumber.stepDefinitions.BookingFormTest.click_on_booking()&amp#27;[0m
  &amp#27;[32mAnd &amp#27;[0m&amp#27;[32mEnter invalid data in &amp#27;[0m&amp#27;[32m&amp#27;[1m"name"&amp#27;[0m&amp#27;[32m field like &amp#27;[0m&amp#27;[32m&amp#27;[1m"abc#!&"&amp#27;[0m      &amp#27;[90m# com.CallTaxiService.cucumber.stepDefinitions.BookingFormTest.enter_invalid_data_in_field_like(java.lang.String,java.lang.String)&amp#27;[0m
  &amp#27;[32mAnd &amp#27;[0m&amp#27;[32mFill remaining details&amp#27;[0m                                &amp#27;[90m# com.CallTaxiService.cucumber.stepDefinitions.BookingFormTest.fill_remaining_details(io.cucumber.datatable.DataTable)&amp#27;[0m
    | Email                    | PhoneNo    | PassengerCount | Trip       | CabType | CarType | Date     | Time  | TripType |
    | Shruthi.GS@cognizant.com | 1234567890 | 1              | local trip | Mini    | Non-Ac  | 19/08/25 | 10:00 | one way  |
  &amp#27;[32mAnd &amp#27;[0m&amp#27;[32mClick on Book Now&amp#27;[0m                                     &amp#27;[90m# com.CallTaxiService.cucumber.stepDefinitions.BookingFormTest.click_on_book_now()&amp#27;[0m
[ERROR] 2025-08-03 12:45:13.067 [main] - No error message for invalid Name entry!
  &amp#27;[31mThen &amp#27;[0m&amp#27;[31mBooking should not happen due to invalid &amp#27;[0m&amp#27;[31m&amp#27;[1m"Name"&amp#27;[0m      &amp#27;[90m# com.CallTaxiService.cucumber.stepDefinitions.BookingFormTest.Booking_should_not_happen_due_to_invalid(java.lang.String)&amp#27;[0m
      &amp#27;[31mjava.lang.AssertionError: expected [false] but found [true]
	at org.testng.Assert.fail(Assert.java:96)
	at org.testng.Assert.failNotEquals(Assert.java:776)
	at org.testng.Assert.assertFalse(Assert.java:65)
	at org.testng.Assert.assertFalse(Assert.java:75)
	at com.CallTaxiService.cucumber.stepDefinitions.BookingFormTest.Booking_should_not_happen_due_to_invalid(BookingFormTest.java:62)
	at ✽.Booking should not happen due to invalid "Name"(file:///C:/Users/Admin/eclipse-workspace/CallTaxiService/./src/test/java/com/CallTaxiService/cucumber/features/bookingForm.feature:22)
&amp#27;[0m
]]></system-out>
  </testcase>
  <testcase name="runScenario[&quot;Validate invalid characters in Name field&quot;, &quot;Book a taxi functionality&quot;](9)" classname="com.CallTaxiService.cucumber.runners.CucumberRunnerTests" time="7.994">
    <failure message="expected [false] but found [true]" type="java.lang.AssertionError"><![CDATA[java.lang.AssertionError: expected [false] but found [true]
	at org.testng.Assert.fail(Assert.java:96)
	at org.testng.Assert.failNotEquals(Assert.java:776)
	at org.testng.Assert.assertFalse(Assert.java:65)
	at org.testng.Assert.assertFalse(Assert.java:75)
	at com.CallTaxiService.cucumber.stepDefinitions.BookingFormTest.Booking_should_not_happen_due_to_invalid(BookingFormTest.java:62)
	at ✽.Booking should not happen due to invalid "Name"(file:///C:/Users/Admin/eclipse-workspace/CallTaxiService/./src/test/java/com/CallTaxiService/cucumber/features/bookingForm.feature:22)
]]></failure>
    <system-out><![CDATA[
@Booking @TC_BOOK_002
Scenario Outline: Validate invalid characters in Name field &amp#27;[90m# src/test/java/com/CallTaxiService/cucumber/features/bookingForm.feature:28&amp#27;[0m
  &amp#27;[32mGiven &amp#27;[0m&amp#27;[32mNavigate to url by launching the browser&amp#27;[0m            &amp#27;[90m# com.CallTaxiService.cucumber.stepDefinitions.BookingFormTest.navigate_to_url_by_launching_the_browser()&amp#27;[0m
[INFO ] 2025-08-03 12:45:19.741 [main] - Booking link launched
  &amp#27;[32mWhen &amp#27;[0m&amp#27;[32mClick on Booking&amp#27;[0m                                     &amp#27;[90m# com.CallTaxiService.cucumber.stepDefinitions.BookingFormTest.click_on_booking()&amp#27;[0m
  &amp#27;[32mAnd &amp#27;[0m&amp#27;[32mEnter invalid data in &amp#27;[0m&amp#27;[32m&amp#27;[1m"name"&amp#27;[0m&amp#27;[32m field like &amp#27;[0m&amp#27;[32m&amp#27;[1m"abc123"&amp#27;[0m      &amp#27;[90m# com.CallTaxiService.cucumber.stepDefinitions.BookingFormTest.enter_invalid_data_in_field_like(java.lang.String,java.lang.String)&amp#27;[0m
  &amp#27;[32mAnd &amp#27;[0m&amp#27;[32mFill remaining details&amp#27;[0m                                &amp#27;[90m# com.CallTaxiService.cucumber.stepDefinitions.BookingFormTest.fill_remaining_details(io.cucumber.datatable.DataTable)&amp#27;[0m
    | Email                    | PhoneNo    | PassengerCount | Trip       | CabType | CarType | Date     | Time  | TripType |
    | Shruthi.GS@cognizant.com | 1234567890 | 1              | local trip | Mini    | Non-Ac  | 19/08/25 | 10:00 | one way  |
  &amp#27;[32mAnd &amp#27;[0m&amp#27;[32mClick on Book Now&amp#27;[0m                                     &amp#27;[90m# com.CallTaxiService.cucumber.stepDefinitions.BookingFormTest.click_on_book_now()&amp#27;[0m
[ERROR] 2025-08-03 12:45:21.024 [main] - No error message for invalid Name entry!
  &amp#27;[31mThen &amp#27;[0m&amp#27;[31mBooking should not happen due to invalid &amp#27;[0m&amp#27;[31m&amp#27;[1m"Name"&amp#27;[0m      &amp#27;[90m# com.CallTaxiService.cucumber.stepDefinitions.BookingFormTest.Booking_should_not_happen_due_to_invalid(java.lang.String)&amp#27;[0m
      &amp#27;[31mjava.lang.AssertionError: expected [false] but found [true]
	at org.testng.Assert.fail(Assert.java:96)
	at org.testng.Assert.failNotEquals(Assert.java:776)
	at org.testng.Assert.assertFalse(Assert.java:65)
	at org.testng.Assert.assertFalse(Assert.java:75)
	at com.CallTaxiService.cucumber.stepDefinitions.BookingFormTest.Booking_should_not_happen_due_to_invalid(BookingFormTest.java:62)
	at ✽.Booking should not happen due to invalid "Name"(file:///C:/Users/Admin/eclipse-workspace/CallTaxiService/./src/test/java/com/CallTaxiService/cucumber/features/bookingForm.feature:22)
&amp#27;[0m
]]></system-out>
  </testcase>
  <testcase name="runScenario[&quot;Validate invalid characters in Name field&quot;, &quot;Book a taxi functionality&quot;](10)" classname="com.CallTaxiService.cucumber.runners.CucumberRunnerTests" time="8.318">
    <system-out><![CDATA[
@Booking @TC_BOOK_002
Scenario Outline: Validate invalid characters in Name field &amp#27;[90m# src/test/java/com/CallTaxiService/cucumber/features/bookingForm.feature:29&amp#27;[0m
  &amp#27;[32mGiven &amp#27;[0m&amp#27;[32mNavigate to url by launching the browser&amp#27;[0m            &amp#27;[90m# com.CallTaxiService.cucumber.stepDefinitions.BookingFormTest.navigate_to_url_by_launching_the_browser()&amp#27;[0m
[INFO ] 2025-08-03 12:45:28.216 [main] - Booking link launched
  &amp#27;[32mWhen &amp#27;[0m&amp#27;[32mClick on Booking&amp#27;[0m                                     &amp#27;[90m# com.CallTaxiService.cucumber.stepDefinitions.BookingFormTest.click_on_booking()&amp#27;[0m
  &amp#27;[32mAnd &amp#27;[0m&amp#27;[32mEnter invalid data in &amp#27;[0m&amp#27;[32m&amp#27;[1m"name"&amp#27;[0m&amp#27;[32m field like &amp#27;[0m&amp#27;[32m&amp#27;[1m""&amp#27;[0m            &amp#27;[90m# com.CallTaxiService.cucumber.stepDefinitions.BookingFormTest.enter_invalid_data_in_field_like(java.lang.String,java.lang.String)&amp#27;[0m
  &amp#27;[32mAnd &amp#27;[0m&amp#27;[32mFill remaining details&amp#27;[0m                                &amp#27;[90m# com.CallTaxiService.cucumber.stepDefinitions.BookingFormTest.fill_remaining_details(io.cucumber.datatable.DataTable)&amp#27;[0m
    | Email                    | PhoneNo    | PassengerCount | Trip       | CabType | CarType | Date     | Time  | TripType |
    | Shruthi.GS@cognizant.com | 1234567890 | 1              | local trip | Mini    | Non-Ac  | 19/08/25 | 10:00 | one way  |
  &amp#27;[32mAnd &amp#27;[0m&amp#27;[32mClick on Book Now&amp#27;[0m                                     &amp#27;[90m# com.CallTaxiService.cucumber.stepDefinitions.BookingFormTest.click_on_book_now()&amp#27;[0m
[INFO ] 2025-08-03 12:45:29.351 [main] - Error message displayed for blank Name entry!
  &amp#27;[32mThen &amp#27;[0m&amp#27;[32mBooking should not happen due to invalid &amp#27;[0m&amp#27;[32m&amp#27;[1m"Name"&amp#27;[0m      &amp#27;[90m# com.CallTaxiService.cucumber.stepDefinitions.BookingFormTest.Booking_should_not_happen_due_to_invalid(java.lang.String)&amp#27;[0m
]]></system-out>
  </testcase>
  <testcase name="runScenario[&quot;Validate invalid email format&quot;, &quot;Book a taxi functionality&quot;](11)" classname="com.CallTaxiService.cucumber.runners.CucumberRunnerTests" time="8.355">
    <failure message="expected [false] but found [true]" type="java.lang.AssertionError"><![CDATA[java.lang.AssertionError: expected [false] but found [true]
	at org.testng.Assert.fail(Assert.java:96)
	at org.testng.Assert.failNotEquals(Assert.java:776)
	at org.testng.Assert.assertFalse(Assert.java:65)
	at org.testng.Assert.assertFalse(Assert.java:75)
	at com.CallTaxiService.cucumber.stepDefinitions.BookingFormTest.Booking_should_not_happen_due_to_invalid(BookingFormTest.java:62)
	at ✽.Booking should not happen due to invalid "Email"(file:///C:/Users/Admin/eclipse-workspace/CallTaxiService/./src/test/java/com/CallTaxiService/cucumber/features/bookingForm.feature:38)
]]></failure>
    <system-out><![CDATA[
@Booking @TC_BOOK_003
Scenario Outline: Validate invalid email format         &amp#27;[90m# src/test/java/com/CallTaxiService/cucumber/features/bookingForm.feature:41&amp#27;[0m
  &amp#27;[32mGiven &amp#27;[0m&amp#27;[32mNavigate to url by launching the browser&amp#27;[0m        &amp#27;[90m# com.CallTaxiService.cucumber.stepDefinitions.BookingFormTest.navigate_to_url_by_launching_the_browser()&amp#27;[0m
[INFO ] 2025-08-03 12:45:36.459 [main] - Booking link launched
  &amp#27;[32mWhen &amp#27;[0m&amp#27;[32mClick on Booking&amp#27;[0m                                 &amp#27;[90m# com.CallTaxiService.cucumber.stepDefinitions.BookingFormTest.click_on_booking()&amp#27;[0m
  &amp#27;[32mAnd &amp#27;[0m&amp#27;[32mEnter invalid data in &amp#27;[0m&amp#27;[32m&amp#27;[1m"email"&amp#27;[0m&amp#27;[32m field like &amp#27;[0m&amp#27;[32m&amp#27;[1m"abc123"&amp#27;[0m &amp#27;[90m# com.CallTaxiService.cucumber.stepDefinitions.BookingFormTest.enter_invalid_data_in_field_like(java.lang.String,java.lang.String)&amp#27;[0m
  &amp#27;[32mAnd &amp#27;[0m&amp#27;[32mFill remaining details&amp#27;[0m                            &amp#27;[90m# com.CallTaxiService.cucumber.stepDefinitions.BookingFormTest.fill_remaining_details(io.cucumber.datatable.DataTable)&amp#27;[0m
    | Name    | PhoneNo    | PassengerCount | Trip       | CabType | CarType | Date     | Time  | TripType |
    | shruthi | 1234567890 | 1              | local trip | Mini    | Non-Ac  | 19/08/25 | 10:00 | one way  |
  &amp#27;[32mAnd &amp#27;[0m&amp#27;[32mClick on Book Now&amp#27;[0m                                 &amp#27;[90m# com.CallTaxiService.cucumber.stepDefinitions.BookingFormTest.click_on_book_now()&amp#27;[0m
[ERROR] 2025-08-03 12:45:37.747 [main] - No error message for invalid Email entry!
  &amp#27;[31mThen &amp#27;[0m&amp#27;[31mBooking should not happen due to invalid &amp#27;[0m&amp#27;[31m&amp#27;[1m"Email"&amp#27;[0m &amp#27;[90m# com.CallTaxiService.cucumber.stepDefinitions.BookingFormTest.Booking_should_not_happen_due_to_invalid(java.lang.String)&amp#27;[0m
      &amp#27;[31mjava.lang.AssertionError: expected [false] but found [true]
	at org.testng.Assert.fail(Assert.java:96)
	at org.testng.Assert.failNotEquals(Assert.java:776)
	at org.testng.Assert.assertFalse(Assert.java:65)
	at org.testng.Assert.assertFalse(Assert.java:75)
	at com.CallTaxiService.cucumber.stepDefinitions.BookingFormTest.Booking_should_not_happen_due_to_invalid(BookingFormTest.java:62)
	at ✽.Booking should not happen due to invalid "Email"(file:///C:/Users/Admin/eclipse-workspace/CallTaxiService/./src/test/java/com/CallTaxiService/cucumber/features/bookingForm.feature:38)
&amp#27;[0m
]]></system-out>
  </testcase>
  <testcase name="runScenario[&quot;Validate invalid email format&quot;, &quot;Book a taxi functionality&quot;](12)" classname="com.CallTaxiService.cucumber.runners.CucumberRunnerTests" time="9.629">
    <failure message="expected [false] but found [true]" type="java.lang.AssertionError"><![CDATA[java.lang.AssertionError: expected [false] but found [true]
	at org.testng.Assert.fail(Assert.java:96)
	at org.testng.Assert.failNotEquals(Assert.java:776)
	at org.testng.Assert.assertFalse(Assert.java:65)
	at org.testng.Assert.assertFalse(Assert.java:75)
	at com.CallTaxiService.cucumber.stepDefinitions.BookingFormTest.Booking_should_not_happen_due_to_invalid(BookingFormTest.java:62)
	at ✽.Booking should not happen due to invalid "Email"(file:///C:/Users/Admin/eclipse-workspace/CallTaxiService/./src/test/java/com/CallTaxiService/cucumber/features/bookingForm.feature:38)
]]></failure>
    <system-out><![CDATA[
@Booking @TC_BOOK_003
Scenario Outline: Validate invalid email format         &amp#27;[90m# src/test/java/com/CallTaxiService/cucumber/features/bookingForm.feature:42&amp#27;[0m
  &amp#27;[32mGiven &amp#27;[0m&amp#27;[32mNavigate to url by launching the browser&amp#27;[0m        &amp#27;[90m# com.CallTaxiService.cucumber.stepDefinitions.BookingFormTest.navigate_to_url_by_launching_the_browser()&amp#27;[0m
[INFO ] 2025-08-03 12:45:46.197 [main] - Booking link launched
  &amp#27;[32mWhen &amp#27;[0m&amp#27;[32mClick on Booking&amp#27;[0m                                 &amp#27;[90m# com.CallTaxiService.cucumber.stepDefinitions.BookingFormTest.click_on_booking()&amp#27;[0m
  &amp#27;[32mAnd &amp#27;[0m&amp#27;[32mEnter invalid data in &amp#27;[0m&amp#27;[32m&amp#27;[1m"email"&amp#27;[0m&amp#27;[32m field like &amp#27;[0m&amp#27;[32m&amp#27;[1m"123&*^"&amp#27;[0m &amp#27;[90m# com.CallTaxiService.cucumber.stepDefinitions.BookingFormTest.enter_invalid_data_in_field_like(java.lang.String,java.lang.String)&amp#27;[0m
  &amp#27;[32mAnd &amp#27;[0m&amp#27;[32mFill remaining details&amp#27;[0m                            &amp#27;[90m# com.CallTaxiService.cucumber.stepDefinitions.BookingFormTest.fill_remaining_details(io.cucumber.datatable.DataTable)&amp#27;[0m
    | Name    | PhoneNo    | PassengerCount | Trip       | CabType | CarType | Date     | Time  | TripType |
    | shruthi | 1234567890 | 1              | local trip | Mini    | Non-Ac  | 19/08/25 | 10:00 | one way  |
  &amp#27;[32mAnd &amp#27;[0m&amp#27;[32mClick on Book Now&amp#27;[0m                                 &amp#27;[90m# com.CallTaxiService.cucumber.stepDefinitions.BookingFormTest.click_on_book_now()&amp#27;[0m
[ERROR] 2025-08-03 12:45:47.383 [main] - No error message for invalid Email entry!
  &amp#27;[31mThen &amp#27;[0m&amp#27;[31mBooking should not happen due to invalid &amp#27;[0m&amp#27;[31m&amp#27;[1m"Email"&amp#27;[0m &amp#27;[90m# com.CallTaxiService.cucumber.stepDefinitions.BookingFormTest.Booking_should_not_happen_due_to_invalid(java.lang.String)&amp#27;[0m
      &amp#27;[31mjava.lang.AssertionError: expected [false] but found [true]
	at org.testng.Assert.fail(Assert.java:96)
	at org.testng.Assert.failNotEquals(Assert.java:776)
	at org.testng.Assert.assertFalse(Assert.java:65)
	at org.testng.Assert.assertFalse(Assert.java:75)
	at com.CallTaxiService.cucumber.stepDefinitions.BookingFormTest.Booking_should_not_happen_due_to_invalid(BookingFormTest.java:62)
	at ✽.Booking should not happen due to invalid "Email"(file:///C:/Users/Admin/eclipse-workspace/CallTaxiService/./src/test/java/com/CallTaxiService/cucumber/features/bookingForm.feature:38)
&amp#27;[0m
]]></system-out>
  </testcase>
  <testcase name="runScenario[&quot;Validate invalid email format&quot;, &quot;Book a taxi functionality&quot;](13)" classname="com.CallTaxiService.cucumber.runners.CucumberRunnerTests" time="8.212">
    <failure message="expected [false] but found [true]" type="java.lang.AssertionError"><![CDATA[java.lang.AssertionError: expected [false] but found [true]
	at org.testng.Assert.fail(Assert.java:96)
	at org.testng.Assert.failNotEquals(Assert.java:776)
	at org.testng.Assert.assertFalse(Assert.java:65)
	at org.testng.Assert.assertFalse(Assert.java:75)
	at com.CallTaxiService.cucumber.stepDefinitions.BookingFormTest.Booking_should_not_happen_due_to_invalid(BookingFormTest.java:62)
	at ✽.Booking should not happen due to invalid "Email"(file:///C:/Users/Admin/eclipse-workspace/CallTaxiService/./src/test/java/com/CallTaxiService/cucumber/features/bookingForm.feature:38)
]]></failure>
    <system-out><![CDATA[
@Booking @TC_BOOK_003
Scenario Outline: Validate invalid email format          &amp#27;[90m# src/test/java/com/CallTaxiService/cucumber/features/bookingForm.feature:43&amp#27;[0m
  &amp#27;[32mGiven &amp#27;[0m&amp#27;[32mNavigate to url by launching the browser&amp#27;[0m         &amp#27;[90m# com.CallTaxiService.cucumber.stepDefinitions.BookingFormTest.navigate_to_url_by_launching_the_browser()&amp#27;[0m
[INFO ] 2025-08-03 12:45:54.177 [main] - Booking link launched
  &amp#27;[32mWhen &amp#27;[0m&amp#27;[32mClick on Booking&amp#27;[0m                                  &amp#27;[90m# com.CallTaxiService.cucumber.stepDefinitions.BookingFormTest.click_on_booking()&amp#27;[0m
  &amp#27;[32mAnd &amp#27;[0m&amp#27;[32mEnter invalid data in &amp#27;[0m&amp#27;[32m&amp#27;[1m"email"&amp#27;[0m&amp#27;[32m field like &amp#27;[0m&amp#27;[32m&amp#27;[1m"abc123@"&amp#27;[0m &amp#27;[90m# com.CallTaxiService.cucumber.stepDefinitions.BookingFormTest.enter_invalid_data_in_field_like(java.lang.String,java.lang.String)&amp#27;[0m
  &amp#27;[32mAnd &amp#27;[0m&amp#27;[32mFill remaining details&amp#27;[0m                             &amp#27;[90m# com.CallTaxiService.cucumber.stepDefinitions.BookingFormTest.fill_remaining_details(io.cucumber.datatable.DataTable)&amp#27;[0m
    | Name    | PhoneNo    | PassengerCount | Trip       | CabType | CarType | Date     | Time  | TripType |
    | shruthi | 1234567890 | 1              | local trip | Mini    | Non-Ac  | 19/08/25 | 10:00 | one way  |
  &amp#27;[32mAnd &amp#27;[0m&amp#27;[32mClick on Book Now&amp#27;[0m                                  &amp#27;[90m# com.CallTaxiService.cucumber.stepDefinitions.BookingFormTest.click_on_book_now()&amp#27;[0m
[ERROR] 2025-08-03 12:45:55.544 [main] - No error message for invalid Email entry!
  &amp#27;[31mThen &amp#27;[0m&amp#27;[31mBooking should not happen due to invalid &amp#27;[0m&amp#27;[31m&amp#27;[1m"Email"&amp#27;[0m  &amp#27;[90m# com.CallTaxiService.cucumber.stepDefinitions.BookingFormTest.Booking_should_not_happen_due_to_invalid(java.lang.String)&amp#27;[0m
      &amp#27;[31mjava.lang.AssertionError: expected [false] but found [true]
	at org.testng.Assert.fail(Assert.java:96)
	at org.testng.Assert.failNotEquals(Assert.java:776)
	at org.testng.Assert.assertFalse(Assert.java:65)
	at org.testng.Assert.assertFalse(Assert.java:75)
	at com.CallTaxiService.cucumber.stepDefinitions.BookingFormTest.Booking_should_not_happen_due_to_invalid(BookingFormTest.java:62)
	at ✽.Booking should not happen due to invalid "Email"(file:///C:/Users/Admin/eclipse-workspace/CallTaxiService/./src/test/java/com/CallTaxiService/cucumber/features/bookingForm.feature:38)
&amp#27;[0m
]]></system-out>
  </testcase>
  <testcase name="runScenario[&quot;Validate invalid email format&quot;, &quot;Book a taxi functionality&quot;](14)" classname="com.CallTaxiService.cucumber.runners.CucumberRunnerTests" time="8.634">
    <failure message="expected [false] but found [true]" type="java.lang.AssertionError"><![CDATA[java.lang.AssertionError: expected [false] but found [true]
	at org.testng.Assert.fail(Assert.java:96)
	at org.testng.Assert.failNotEquals(Assert.java:776)
	at org.testng.Assert.assertFalse(Assert.java:65)
	at org.testng.Assert.assertFalse(Assert.java:75)
	at com.CallTaxiService.cucumber.stepDefinitions.BookingFormTest.Booking_should_not_happen_due_to_invalid(BookingFormTest.java:62)
	at ✽.Booking should not happen due to invalid "Email"(file:///C:/Users/Admin/eclipse-workspace/CallTaxiService/./src/test/java/com/CallTaxiService/cucumber/features/bookingForm.feature:38)
]]></failure>
    <system-out><![CDATA[
@Booking @TC_BOOK_003
Scenario Outline: Validate invalid email format               &amp#27;[90m# src/test/java/com/CallTaxiService/cucumber/features/bookingForm.feature:44&amp#27;[0m
  &amp#27;[32mGiven &amp#27;[0m&amp#27;[32mNavigate to url by launching the browser&amp#27;[0m              &amp#27;[90m# com.CallTaxiService.cucumber.stepDefinitions.BookingFormTest.navigate_to_url_by_launching_the_browser()&amp#27;[0m
[INFO ] 2025-08-03 12:46:02.712 [main] - Booking link launched
  &amp#27;[32mWhen &amp#27;[0m&amp#27;[32mClick on Booking&amp#27;[0m                                       &amp#27;[90m# com.CallTaxiService.cucumber.stepDefinitions.BookingFormTest.click_on_booking()&amp#27;[0m
  &amp#27;[32mAnd &amp#27;[0m&amp#27;[32mEnter invalid data in &amp#27;[0m&amp#27;[32m&amp#27;[1m"email"&amp#27;[0m&amp#27;[32m field like &amp#27;[0m&amp#27;[32m&amp#27;[1m"abc123@gmail"&amp#27;[0m &amp#27;[90m# com.CallTaxiService.cucumber.stepDefinitions.BookingFormTest.enter_invalid_data_in_field_like(java.lang.String,java.lang.String)&amp#27;[0m
  &amp#27;[32mAnd &amp#27;[0m&amp#27;[32mFill remaining details&amp#27;[0m                                  &amp#27;[90m# com.CallTaxiService.cucumber.stepDefinitions.BookingFormTest.fill_remaining_details(io.cucumber.datatable.DataTable)&amp#27;[0m
    | Name    | PhoneNo    | PassengerCount | Trip       | CabType | CarType | Date     | Time  | TripType |
    | shruthi | 1234567890 | 1              | local trip | Mini    | Non-Ac  | 19/08/25 | 10:00 | one way  |
  &amp#27;[32mAnd &amp#27;[0m&amp#27;[32mClick on Book Now&amp#27;[0m                                       &amp#27;[90m# com.CallTaxiService.cucumber.stepDefinitions.BookingFormTest.click_on_book_now()&amp#27;[0m
[ERROR] 2025-08-03 12:46:04.174 [main] - No error message for invalid Email entry!
  &amp#27;[31mThen &amp#27;[0m&amp#27;[31mBooking should not happen due to invalid &amp#27;[0m&amp#27;[31m&amp#27;[1m"Email"&amp#27;[0m       &amp#27;[90m# com.CallTaxiService.cucumber.stepDefinitions.BookingFormTest.Booking_should_not_happen_due_to_invalid(java.lang.String)&amp#27;[0m
      &amp#27;[31mjava.lang.AssertionError: expected [false] but found [true]
	at org.testng.Assert.fail(Assert.java:96)
	at org.testng.Assert.failNotEquals(Assert.java:776)
	at org.testng.Assert.assertFalse(Assert.java:65)
	at org.testng.Assert.assertFalse(Assert.java:75)
	at com.CallTaxiService.cucumber.stepDefinitions.BookingFormTest.Booking_should_not_happen_due_to_invalid(BookingFormTest.java:62)
	at ✽.Booking should not happen due to invalid "Email"(file:///C:/Users/Admin/eclipse-workspace/CallTaxiService/./src/test/java/com/CallTaxiService/cucumber/features/bookingForm.feature:38)
&amp#27;[0m
]]></system-out>
  </testcase>
  <testcase name="runScenario[&quot;Validate invalid email format&quot;, &quot;Book a taxi functionality&quot;](15)" classname="com.CallTaxiService.cucumber.runners.CucumberRunnerTests" time="7.952">
    <system-out><![CDATA[
@Booking @TC_BOOK_003
Scenario Outline: Validate invalid email format         &amp#27;[90m# src/test/java/com/CallTaxiService/cucumber/features/bookingForm.feature:45&amp#27;[0m
  &amp#27;[32mGiven &amp#27;[0m&amp#27;[32mNavigate to url by launching the browser&amp#27;[0m        &amp#27;[90m# com.CallTaxiService.cucumber.stepDefinitions.BookingFormTest.navigate_to_url_by_launching_the_browser()&amp#27;[0m
[INFO ] 2025-08-03 12:46:10.905 [main] - Booking link launched
  &amp#27;[32mWhen &amp#27;[0m&amp#27;[32mClick on Booking&amp#27;[0m                                 &amp#27;[90m# com.CallTaxiService.cucumber.stepDefinitions.BookingFormTest.click_on_booking()&amp#27;[0m
  &amp#27;[32mAnd &amp#27;[0m&amp#27;[32mEnter invalid data in &amp#27;[0m&amp#27;[32m&amp#27;[1m"email"&amp#27;[0m&amp#27;[32m field like &amp#27;[0m&amp#27;[32m&amp#27;[1m""&amp#27;[0m       &amp#27;[90m# com.CallTaxiService.cucumber.stepDefinitions.BookingFormTest.enter_invalid_data_in_field_like(java.lang.String,java.lang.String)&amp#27;[0m
  &amp#27;[32mAnd &amp#27;[0m&amp#27;[32mFill remaining details&amp#27;[0m                            &amp#27;[90m# com.CallTaxiService.cucumber.stepDefinitions.BookingFormTest.fill_remaining_details(io.cucumber.datatable.DataTable)&amp#27;[0m
    | Name    | PhoneNo    | PassengerCount | Trip       | CabType | CarType | Date     | Time  | TripType |
    | shruthi | 1234567890 | 1              | local trip | Mini    | Non-Ac  | 19/08/25 | 10:00 | one way  |
  &amp#27;[32mAnd &amp#27;[0m&amp#27;[32mClick on Book Now&amp#27;[0m                                 &amp#27;[90m# com.CallTaxiService.cucumber.stepDefinitions.BookingFormTest.click_on_book_now()&amp#27;[0m
[INFO ] 2025-08-03 12:46:12.113 [main] - Error message displayed for blank Email entry!
  &amp#27;[32mThen &amp#27;[0m&amp#27;[32mBooking should not happen due to invalid &amp#27;[0m&amp#27;[32m&amp#27;[1m"Email"&amp#27;[0m &amp#27;[90m# com.CallTaxiService.cucumber.stepDefinitions.BookingFormTest.Booking_should_not_happen_due_to_invalid(java.lang.String)&amp#27;[0m
]]></system-out>
  </testcase>
  <testcase name="runScenario[&quot;Validate invalid phone number format&quot;, &quot;Book a taxi functionality&quot;](16)" classname="com.CallTaxiService.cucumber.runners.CucumberRunnerTests" time="8.406">
    <failure message="expected [false] but found [true]" type="java.lang.AssertionError"><![CDATA[java.lang.AssertionError: expected [false] but found [true]
	at org.testng.Assert.fail(Assert.java:96)
	at org.testng.Assert.failNotEquals(Assert.java:776)
	at org.testng.Assert.assertFalse(Assert.java:65)
	at org.testng.Assert.assertFalse(Assert.java:75)
	at com.CallTaxiService.cucumber.stepDefinitions.BookingFormTest.Booking_should_not_happen_due_to_invalid(BookingFormTest.java:62)
	at ✽.Booking should not happen due to invalid "phoneNo"(file:///C:/Users/Admin/eclipse-workspace/CallTaxiService/./src/test/java/com/CallTaxiService/cucumber/features/bookingForm.feature:54)
]]></failure>
    <system-out><![CDATA[
@Booking @TC_BOOK_004
Scenario Outline: Validate invalid phone number format    &amp#27;[90m# src/test/java/com/CallTaxiService/cucumber/features/bookingForm.feature:57&amp#27;[0m
  &amp#27;[32mGiven &amp#27;[0m&amp#27;[32mNavigate to url by launching the browser&amp#27;[0m          &amp#27;[90m# com.CallTaxiService.cucumber.stepDefinitions.BookingFormTest.navigate_to_url_by_launching_the_browser()&amp#27;[0m
[INFO ] 2025-08-03 12:46:19.353 [main] - Booking link launched
  &amp#27;[32mWhen &amp#27;[0m&amp#27;[32mClick on Booking&amp#27;[0m                                   &amp#27;[90m# com.CallTaxiService.cucumber.stepDefinitions.BookingFormTest.click_on_booking()&amp#27;[0m
  &amp#27;[32mAnd &amp#27;[0m&amp#27;[32mEnter invalid data in &amp#27;[0m&amp#27;[32m&amp#27;[1m"phoneNo"&amp#27;[0m&amp#27;[32m field like &amp#27;[0m&amp#27;[32m&amp#27;[1m"&%*@"&amp#27;[0m   &amp#27;[90m# com.CallTaxiService.cucumber.stepDefinitions.BookingFormTest.enter_invalid_data_in_field_like(java.lang.String,java.lang.String)&amp#27;[0m
  &amp#27;[32mAnd &amp#27;[0m&amp#27;[32mFill remaining details&amp#27;[0m                              &amp#27;[90m# com.CallTaxiService.cucumber.stepDefinitions.BookingFormTest.fill_remaining_details(io.cucumber.datatable.DataTable)&amp#27;[0m
    | Name    | Email                    | PassengerCount | Trip       | CabType | CarType | Date     | Time  | TripType |
    | shruthi | Shruthi.GS@cognizant.com | 1              | local trip | Mini    | Non-Ac  | 19/08/25 | 10:00 | one way  |
  &amp#27;[32mAnd &amp#27;[0m&amp#27;[32mClick on Book Now&amp#27;[0m                                   &amp#27;[90m# com.CallTaxiService.cucumber.stepDefinitions.BookingFormTest.click_on_book_now()&amp#27;[0m
[ERROR] 2025-08-03 12:46:20.550 [main] - No error message for invalid phoneNo entry!
  &amp#27;[31mThen &amp#27;[0m&amp#27;[31mBooking should not happen due to invalid &amp#27;[0m&amp#27;[31m&amp#27;[1m"phoneNo"&amp#27;[0m &amp#27;[90m# com.CallTaxiService.cucumber.stepDefinitions.BookingFormTest.Booking_should_not_happen_due_to_invalid(java.lang.String)&amp#27;[0m
      &amp#27;[31mjava.lang.AssertionError: expected [false] but found [true]
	at org.testng.Assert.fail(Assert.java:96)
	at org.testng.Assert.failNotEquals(Assert.java:776)
	at org.testng.Assert.assertFalse(Assert.java:65)
	at org.testng.Assert.assertFalse(Assert.java:75)
	at com.CallTaxiService.cucumber.stepDefinitions.BookingFormTest.Booking_should_not_happen_due_to_invalid(BookingFormTest.java:62)
	at ✽.Booking should not happen due to invalid "phoneNo"(file:///C:/Users/Admin/eclipse-workspace/CallTaxiService/./src/test/java/com/CallTaxiService/cucumber/features/bookingForm.feature:54)
&amp#27;[0m
]]></system-out>
  </testcase>
  <testcase name="runScenario[&quot;Validate invalid phone number format&quot;, &quot;Book a taxi functionality&quot;](17)" classname="com.CallTaxiService.cucumber.runners.CucumberRunnerTests" time="8.036">
    <failure message="expected [false] but found [true]" type="java.lang.AssertionError"><![CDATA[java.lang.AssertionError: expected [false] but found [true]
	at org.testng.Assert.fail(Assert.java:96)
	at org.testng.Assert.failNotEquals(Assert.java:776)
	at org.testng.Assert.assertFalse(Assert.java:65)
	at org.testng.Assert.assertFalse(Assert.java:75)
	at com.CallTaxiService.cucumber.stepDefinitions.BookingFormTest.Booking_should_not_happen_due_to_invalid(BookingFormTest.java:62)
	at ✽.Booking should not happen due to invalid "phoneNo"(file:///C:/Users/Admin/eclipse-workspace/CallTaxiService/./src/test/java/com/CallTaxiService/cucumber/features/bookingForm.feature:54)
]]></failure>
    <system-out><![CDATA[
@Booking @TC_BOOK_004
Scenario Outline: Validate invalid phone number format    &amp#27;[90m# src/test/java/com/CallTaxiService/cucumber/features/bookingForm.feature:58&amp#27;[0m
  &amp#27;[32mGiven &amp#27;[0m&amp#27;[32mNavigate to url by launching the browser&amp#27;[0m          &amp#27;[90m# com.CallTaxiService.cucumber.stepDefinitions.BookingFormTest.navigate_to_url_by_launching_the_browser()&amp#27;[0m
[INFO ] 2025-08-03 12:46:27.439 [main] - Booking link launched
  &amp#27;[32mWhen &amp#27;[0m&amp#27;[32mClick on Booking&amp#27;[0m                                   &amp#27;[90m# com.CallTaxiService.cucumber.stepDefinitions.BookingFormTest.click_on_booking()&amp#27;[0m
  &amp#27;[32mAnd &amp#27;[0m&amp#27;[32mEnter invalid data in &amp#27;[0m&amp#27;[32m&amp#27;[1m"phoneNo"&amp#27;[0m&amp#27;[32m field like &amp#27;[0m&amp#27;[32m&amp#27;[1m"abc"&amp#27;[0m    &amp#27;[90m# com.CallTaxiService.cucumber.stepDefinitions.BookingFormTest.enter_invalid_data_in_field_like(java.lang.String,java.lang.String)&amp#27;[0m
  &amp#27;[32mAnd &amp#27;[0m&amp#27;[32mFill remaining details&amp#27;[0m                              &amp#27;[90m# com.CallTaxiService.cucumber.stepDefinitions.BookingFormTest.fill_remaining_details(io.cucumber.datatable.DataTable)&amp#27;[0m
    | Name    | Email                    | PassengerCount | Trip       | CabType | CarType | Date     | Time  | TripType |
    | shruthi | Shruthi.GS@cognizant.com | 1              | local trip | Mini    | Non-Ac  | 19/08/25 | 10:00 | one way  |
  &amp#27;[32mAnd &amp#27;[0m&amp#27;[32mClick on Book Now&amp#27;[0m                                   &amp#27;[90m# com.CallTaxiService.cucumber.stepDefinitions.BookingFormTest.click_on_book_now()&amp#27;[0m
[ERROR] 2025-08-03 12:46:28.612 [main] - No error message for invalid phoneNo entry!
  &amp#27;[31mThen &amp#27;[0m&amp#27;[31mBooking should not happen due to invalid &amp#27;[0m&amp#27;[31m&amp#27;[1m"phoneNo"&amp#27;[0m &amp#27;[90m# com.CallTaxiService.cucumber.stepDefinitions.BookingFormTest.Booking_should_not_happen_due_to_invalid(java.lang.String)&amp#27;[0m
      &amp#27;[31mjava.lang.AssertionError: expected [false] but found [true]
	at org.testng.Assert.fail(Assert.java:96)
	at org.testng.Assert.failNotEquals(Assert.java:776)
	at org.testng.Assert.assertFalse(Assert.java:65)
	at org.testng.Assert.assertFalse(Assert.java:75)
	at com.CallTaxiService.cucumber.stepDefinitions.BookingFormTest.Booking_should_not_happen_due_to_invalid(BookingFormTest.java:62)
	at ✽.Booking should not happen due to invalid "phoneNo"(file:///C:/Users/Admin/eclipse-workspace/CallTaxiService/./src/test/java/com/CallTaxiService/cucumber/features/bookingForm.feature:54)
&amp#27;[0m
]]></system-out>
  </testcase>
  <testcase name="runScenario[&quot;Validate invalid phone number format&quot;, &quot;Book a taxi functionality&quot;](18)" classname="com.CallTaxiService.cucumber.runners.CucumberRunnerTests" time="9.075">
    <failure message="expected [false] but found [true]" type="java.lang.AssertionError"><![CDATA[java.lang.AssertionError: expected [false] but found [true]
	at org.testng.Assert.fail(Assert.java:96)
	at org.testng.Assert.failNotEquals(Assert.java:776)
	at org.testng.Assert.assertFalse(Assert.java:65)
	at org.testng.Assert.assertFalse(Assert.java:75)
	at com.CallTaxiService.cucumber.stepDefinitions.BookingFormTest.Booking_should_not_happen_due_to_invalid(BookingFormTest.java:62)
	at ✽.Booking should not happen due to invalid "phoneNo"(file:///C:/Users/Admin/eclipse-workspace/CallTaxiService/./src/test/java/com/CallTaxiService/cucumber/features/bookingForm.feature:54)
]]></failure>
    <system-out><![CDATA[
@Booking @TC_BOOK_004
Scenario Outline: Validate invalid phone number format       &amp#27;[90m# src/test/java/com/CallTaxiService/cucumber/features/bookingForm.feature:59&amp#27;[0m
  &amp#27;[32mGiven &amp#27;[0m&amp#27;[32mNavigate to url by launching the browser&amp#27;[0m             &amp#27;[90m# com.CallTaxiService.cucumber.stepDefinitions.BookingFormTest.navigate_to_url_by_launching_the_browser()&amp#27;[0m
[INFO ] 2025-08-03 12:46:36.466 [main] - Booking link launched
  &amp#27;[32mWhen &amp#27;[0m&amp#27;[32mClick on Booking&amp#27;[0m                                      &amp#27;[90m# com.CallTaxiService.cucumber.stepDefinitions.BookingFormTest.click_on_booking()&amp#27;[0m
  &amp#27;[32mAnd &amp#27;[0m&amp#27;[32mEnter invalid data in &amp#27;[0m&amp#27;[32m&amp#27;[1m"phoneNo"&amp#27;[0m&amp#27;[32m field like &amp#27;[0m&amp#27;[32m&amp#27;[1m"123456789"&amp#27;[0m &amp#27;[90m# com.CallTaxiService.cucumber.stepDefinitions.BookingFormTest.enter_invalid_data_in_field_like(java.lang.String,java.lang.String)&amp#27;[0m
  &amp#27;[32mAnd &amp#27;[0m&amp#27;[32mFill remaining details&amp#27;[0m                                 &amp#27;[90m# com.CallTaxiService.cucumber.stepDefinitions.BookingFormTest.fill_remaining_details(io.cucumber.datatable.DataTable)&amp#27;[0m
    | Name    | Email                    | PassengerCount | Trip       | CabType | CarType | Date     | Time  | TripType |
    | shruthi | Shruthi.GS@cognizant.com | 1              | local trip | Mini    | Non-Ac  | 19/08/25 | 10:00 | one way  |
  &amp#27;[32mAnd &amp#27;[0m&amp#27;[32mClick on Book Now&amp#27;[0m                                      &amp#27;[90m# com.CallTaxiService.cucumber.stepDefinitions.BookingFormTest.click_on_book_now()&amp#27;[0m
[ERROR] 2025-08-03 12:46:37.701 [main] - No error message for invalid phoneNo entry!
  &amp#27;[31mThen &amp#27;[0m&amp#27;[31mBooking should not happen due to invalid &amp#27;[0m&amp#27;[31m&amp#27;[1m"phoneNo"&amp#27;[0m    &amp#27;[90m# com.CallTaxiService.cucumber.stepDefinitions.BookingFormTest.Booking_should_not_happen_due_to_invalid(java.lang.String)&amp#27;[0m
      &amp#27;[31mjava.lang.AssertionError: expected [false] but found [true]
	at org.testng.Assert.fail(Assert.java:96)
	at org.testng.Assert.failNotEquals(Assert.java:776)
	at org.testng.Assert.assertFalse(Assert.java:65)
	at org.testng.Assert.assertFalse(Assert.java:75)
	at com.CallTaxiService.cucumber.stepDefinitions.BookingFormTest.Booking_should_not_happen_due_to_invalid(BookingFormTest.java:62)
	at ✽.Booking should not happen due to invalid "phoneNo"(file:///C:/Users/Admin/eclipse-workspace/CallTaxiService/./src/test/java/com/CallTaxiService/cucumber/features/bookingForm.feature:54)
&amp#27;[0m
]]></system-out>
  </testcase>
  <testcase name="runScenario[&quot;Validate invalid phone number format&quot;, &quot;Book a taxi functionality&quot;](19)" classname="com.CallTaxiService.cucumber.runners.CucumberRunnerTests" time="8.491">
    <failure message="expected [false] but found [true]" type="java.lang.AssertionError"><![CDATA[java.lang.AssertionError: expected [false] but found [true]
	at org.testng.Assert.fail(Assert.java:96)
	at org.testng.Assert.failNotEquals(Assert.java:776)
	at org.testng.Assert.assertFalse(Assert.java:65)
	at org.testng.Assert.assertFalse(Assert.java:75)
	at com.CallTaxiService.cucumber.stepDefinitions.BookingFormTest.Booking_should_not_happen_due_to_invalid(BookingFormTest.java:62)
	at ✽.Booking should not happen due to invalid "phoneNo"(file:///C:/Users/Admin/eclipse-workspace/CallTaxiService/./src/test/java/com/CallTaxiService/cucumber/features/bookingForm.feature:54)
]]></failure>
    <system-out><![CDATA[
@Booking @TC_BOOK_004
Scenario Outline: Validate invalid phone number format         &amp#27;[90m# src/test/java/com/CallTaxiService/cucumber/features/bookingForm.feature:60&amp#27;[0m
  &amp#27;[32mGiven &amp#27;[0m&amp#27;[32mNavigate to url by launching the browser&amp#27;[0m               &amp#27;[90m# com.CallTaxiService.cucumber.stepDefinitions.BookingFormTest.navigate_to_url_by_launching_the_browser()&amp#27;[0m
[INFO ] 2025-08-03 12:46:44.748 [main] - Booking link launched
  &amp#27;[32mWhen &amp#27;[0m&amp#27;[32mClick on Booking&amp#27;[0m                                        &amp#27;[90m# com.CallTaxiService.cucumber.stepDefinitions.BookingFormTest.click_on_booking()&amp#27;[0m
  &amp#27;[32mAnd &amp#27;[0m&amp#27;[32mEnter invalid data in &amp#27;[0m&amp#27;[32m&amp#27;[1m"phoneNo"&amp#27;[0m&amp#27;[32m field like &amp#27;[0m&amp#27;[32m&amp#27;[1m"12345678921"&amp#27;[0m &amp#27;[90m# com.CallTaxiService.cucumber.stepDefinitions.BookingFormTest.enter_invalid_data_in_field_like(java.lang.String,java.lang.String)&amp#27;[0m
  &amp#27;[32mAnd &amp#27;[0m&amp#27;[32mFill remaining details&amp#27;[0m                                   &amp#27;[90m# com.CallTaxiService.cucumber.stepDefinitions.BookingFormTest.fill_remaining_details(io.cucumber.datatable.DataTable)&amp#27;[0m
    | Name    | Email                    | PassengerCount | Trip       | CabType | CarType | Date     | Time  | TripType |
    | shruthi | Shruthi.GS@cognizant.com | 1              | local trip | Mini    | Non-Ac  | 19/08/25 | 10:00 | one way  |
  &amp#27;[32mAnd &amp#27;[0m&amp#27;[32mClick on Book Now&amp#27;[0m                                        &amp#27;[90m# com.CallTaxiService.cucumber.stepDefinitions.BookingFormTest.click_on_book_now()&amp#27;[0m
[ERROR] 2025-08-03 12:46:46.133 [main] - No error message for invalid phoneNo entry!
  &amp#27;[31mThen &amp#27;[0m&amp#27;[31mBooking should not happen due to invalid &amp#27;[0m&amp#27;[31m&amp#27;[1m"phoneNo"&amp#27;[0m      &amp#27;[90m# com.CallTaxiService.cucumber.stepDefinitions.BookingFormTest.Booking_should_not_happen_due_to_invalid(java.lang.String)&amp#27;[0m
      &amp#27;[31mjava.lang.AssertionError: expected [false] but found [true]
	at org.testng.Assert.fail(Assert.java:96)
	at org.testng.Assert.failNotEquals(Assert.java:776)
	at org.testng.Assert.assertFalse(Assert.java:65)
	at org.testng.Assert.assertFalse(Assert.java:75)
	at com.CallTaxiService.cucumber.stepDefinitions.BookingFormTest.Booking_should_not_happen_due_to_invalid(BookingFormTest.java:62)
	at ✽.Booking should not happen due to invalid "phoneNo"(file:///C:/Users/Admin/eclipse-workspace/CallTaxiService/./src/test/java/com/CallTaxiService/cucumber/features/bookingForm.feature:54)
&amp#27;[0m
]]></system-out>
  </testcase>
  <testcase name="runScenario[&quot;Validate invalid phone number format&quot;, &quot;Book a taxi functionality&quot;](20)" classname="com.CallTaxiService.cucumber.runners.CucumberRunnerTests" time="7.823">
    <system-out><![CDATA[
@Booking @TC_BOOK_004
Scenario Outline: Validate invalid phone number format    &amp#27;[90m# src/test/java/com/CallTaxiService/cucumber/features/bookingForm.feature:61&amp#27;[0m
  &amp#27;[32mGiven &amp#27;[0m&amp#27;[32mNavigate to url by launching the browser&amp#27;[0m          &amp#27;[90m# com.CallTaxiService.cucumber.stepDefinitions.BookingFormTest.navigate_to_url_by_launching_the_browser()&amp#27;[0m
[INFO ] 2025-08-03 12:46:52.853 [main] - Booking link launched
  &amp#27;[32mWhen &amp#27;[0m&amp#27;[32mClick on Booking&amp#27;[0m                                   &amp#27;[90m# com.CallTaxiService.cucumber.stepDefinitions.BookingFormTest.click_on_booking()&amp#27;[0m
  &amp#27;[32mAnd &amp#27;[0m&amp#27;[32mEnter invalid data in &amp#27;[0m&amp#27;[32m&amp#27;[1m"phoneNo"&amp#27;[0m&amp#27;[32m field like &amp#27;[0m&amp#27;[32m&amp#27;[1m""&amp#27;[0m       &amp#27;[90m# com.CallTaxiService.cucumber.stepDefinitions.BookingFormTest.enter_invalid_data_in_field_like(java.lang.String,java.lang.String)&amp#27;[0m
  &amp#27;[32mAnd &amp#27;[0m&amp#27;[32mFill remaining details&amp#27;[0m                              &amp#27;[90m# com.CallTaxiService.cucumber.stepDefinitions.BookingFormTest.fill_remaining_details(io.cucumber.datatable.DataTable)&amp#27;[0m
    | Name    | Email                    | PassengerCount | Trip       | CabType | CarType | Date     | Time  | TripType |
    | shruthi | Shruthi.GS@cognizant.com | 1              | local trip | Mini    | Non-Ac  | 19/08/25 | 10:00 | one way  |
  &amp#27;[32mAnd &amp#27;[0m&amp#27;[32mClick on Book Now&amp#27;[0m                                   &amp#27;[90m# com.CallTaxiService.cucumber.stepDefinitions.BookingFormTest.click_on_book_now()&amp#27;[0m
[INFO ] 2025-08-03 12:46:54.016 [main] - Error message displayed for blank phoneNo entry!
  &amp#27;[32mThen &amp#27;[0m&amp#27;[32mBooking should not happen due to invalid &amp#27;[0m&amp#27;[32m&amp#27;[1m"phoneNo"&amp#27;[0m &amp#27;[90m# com.CallTaxiService.cucumber.stepDefinitions.BookingFormTest.Booking_should_not_happen_due_to_invalid(java.lang.String)&amp#27;[0m
]]></system-out>
  </testcase>
  <testcase name="runScenario[&quot;Validate unselected select trip field (Long trip, Local trip)&quot;, &quot;Book a taxi functionality&quot;](21)" classname="com.CallTaxiService.cucumber.runners.CucumberRunnerTests" time="8.039">
    <system-out><![CDATA[
@Booking @TC_BOOK_005
Scenario: Validate unselected select trip field (Long trip, Local trip) &amp#27;[90m# src/test/java/com/CallTaxiService/cucumber/features/bookingForm.feature:63&amp#27;[0m
  &amp#27;[32mGiven &amp#27;[0m&amp#27;[32mNavigate to url by launching the browser&amp#27;[0m                        &amp#27;[90m# com.CallTaxiService.cucumber.stepDefinitions.BookingFormTest.navigate_to_url_by_launching_the_browser()&amp#27;[0m
[INFO ] 2025-08-03 12:47:00.607 [main] - Booking link launched
  &amp#27;[32mWhen &amp#27;[0m&amp#27;[32mClick on Booking&amp#27;[0m                                                 &amp#27;[90m# com.CallTaxiService.cucumber.stepDefinitions.BookingFormTest.click_on_booking()&amp#27;[0m
  &amp#27;[32mAnd &amp#27;[0m&amp#27;[32mDo not select any option in select trip field&amp#27;[0m                     &amp#27;[90m# com.CallTaxiService.cucumber.stepDefinitions.BookingFormTest.do_not_select_any_option_in_select_trip_field()&amp#27;[0m
  &amp#27;[32mAnd &amp#27;[0m&amp#27;[32mFill remaining details&amp#27;[0m                                            &amp#27;[90m# com.CallTaxiService.cucumber.stepDefinitions.BookingFormTest.fill_remaining_details(io.cucumber.datatable.DataTable)&amp#27;[0m
    | Name    | Email                    | PhoneNo    | PassengerCount | CabType | CarType | Date     | Time  | TripType |
    | shruthi | Shruthi.GS@cognizant.com | 1234567890 | 1              | Mini    | Non-Ac  | 19/08/25 | 10:00 | one way  |
  &amp#27;[32mAnd &amp#27;[0m&amp#27;[32mClick on Book Now&amp#27;[0m                                                 &amp#27;[90m# com.CallTaxiService.cucumber.stepDefinitions.BookingFormTest.click_on_book_now()&amp#27;[0m
[INFO ] 2025-08-03 12:47:01.885 [main] - Error message is displayed for unselected trip!
  &amp#27;[32mThen &amp#27;[0m&amp#27;[32mError message should appear for unselected &amp#27;[0m&amp#27;[32m&amp#27;[1m"trip"&amp#27;[0m                &amp#27;[90m# com.CallTaxiService.cucumber.stepDefinitions.BookingFormTest.error_message_should_appear_for_unselected(java.lang.String)&amp#27;[0m
]]></system-out>
  </testcase>
  <testcase name="runScenario[&quot;Validate unselected Cab type dropdown field (Mini,Micro,Sedan,SUV)&quot;, &quot;Book a taxi functionality&quot;](22)" classname="com.CallTaxiService.cucumber.runners.CucumberRunnerTests" time="7.69">
    <system-out><![CDATA[
@Booking @TC_BOOK_006
Scenario: Validate unselected Cab type dropdown field (Mini,Micro,Sedan,SUV) &amp#27;[90m# src/test/java/com/CallTaxiService/cucumber/features/bookingForm.feature:72&amp#27;[0m
  &amp#27;[32mGiven &amp#27;[0m&amp#27;[32mNavigate to url by launching the browser&amp#27;[0m                             &amp#27;[90m# com.CallTaxiService.cucumber.stepDefinitions.BookingFormTest.navigate_to_url_by_launching_the_browser()&amp#27;[0m
[INFO ] 2025-08-03 12:47:08.678 [main] - Booking link launched
  &amp#27;[32mWhen &amp#27;[0m&amp#27;[32mClick on Booking&amp#27;[0m                                                      &amp#27;[90m# com.CallTaxiService.cucumber.stepDefinitions.BookingFormTest.click_on_booking()&amp#27;[0m
  &amp#27;[32mAnd &amp#27;[0m&amp#27;[32mLeave cab type unselected&amp#27;[0m                                              &amp#27;[90m# com.CallTaxiService.cucumber.stepDefinitions.BookingFormTest.leave_cab_type_unselected()&amp#27;[0m
  &amp#27;[32mAnd &amp#27;[0m&amp#27;[32mFill remaining details&amp#27;[0m                                                 &amp#27;[90m# com.CallTaxiService.cucumber.stepDefinitions.BookingFormTest.fill_remaining_details(io.cucumber.datatable.DataTable)&amp#27;[0m
    | Name    | Email                    | PhoneNo    | PassengerCount | Trip       | CarType | Date     | Time  | TripType |
    | shruthi | Shruthi.GS@cognizant.com | 1234567890 | 1              | local trip | Non-Ac  | 19/08/25 | 10:00 | one way  |
  &amp#27;[32mAnd &amp#27;[0m&amp#27;[32mClick on Book Now&amp#27;[0m                                                      &amp#27;[90m# com.CallTaxiService.cucumber.stepDefinitions.BookingFormTest.click_on_book_now()&amp#27;[0m
[INFO ] 2025-08-03 12:47:09.719 [main] - Error message is displayed for unselected cabtype!
  &amp#27;[32mThen &amp#27;[0m&amp#27;[32mError message should appear for unselected &amp#27;[0m&amp#27;[32m&amp#27;[1m"cabtype"&amp#27;[0m                  &amp#27;[90m# com.CallTaxiService.cucumber.stepDefinitions.BookingFormTest.error_message_should_appear_for_unselected(java.lang.String)&amp#27;[0m
]]></system-out>
  </testcase>
  <testcase name="runScenario[&quot;Validate invalid date entry&quot;, &quot;Book a taxi functionality&quot;](23)" classname="com.CallTaxiService.cucumber.runners.CucumberRunnerTests" time="8.336">
    <failure message="expected [false] but found [true]" type="java.lang.AssertionError"><![CDATA[java.lang.AssertionError: expected [false] but found [true]
	at org.testng.Assert.fail(Assert.java:96)
	at org.testng.Assert.failNotEquals(Assert.java:776)
	at org.testng.Assert.assertFalse(Assert.java:65)
	at org.testng.Assert.assertFalse(Assert.java:75)
	at com.CallTaxiService.cucumber.stepDefinitions.BookingFormTest.Booking_should_not_happen_due_to_invalid(BookingFormTest.java:62)
	at ✽.Booking should not happen due to invalid "Date"(file:///C:/Users/Admin/eclipse-workspace/CallTaxiService/./src/test/java/com/CallTaxiService/cucumber/features/bookingForm.feature:87)
]]></failure>
    <system-out><![CDATA[
@Booking @TC_BOOK_007
Scenario Outline: Validate invalid date entry            &amp#27;[90m# src/test/java/com/CallTaxiService/cucumber/features/bookingForm.feature:90&amp#27;[0m
  &amp#27;[32mGiven &amp#27;[0m&amp#27;[32mNavigate to url by launching the browser&amp#27;[0m         &amp#27;[90m# com.CallTaxiService.cucumber.stepDefinitions.BookingFormTest.navigate_to_url_by_launching_the_browser()&amp#27;[0m
[INFO ] 2025-08-03 12:47:16.644 [main] - Booking link launched
  &amp#27;[32mWhen &amp#27;[0m&amp#27;[32mClick on Booking&amp#27;[0m                                  &amp#27;[90m# com.CallTaxiService.cucumber.stepDefinitions.BookingFormTest.click_on_booking()&amp#27;[0m
  &amp#27;[32mAnd &amp#27;[0m&amp#27;[32mEnter invalid data in &amp#27;[0m&amp#27;[32m&amp#27;[1m"Date"&amp#27;[0m&amp#27;[32m field like &amp#27;[0m&amp#27;[32m&amp#27;[1m"20/07/24"&amp#27;[0m &amp#27;[90m# com.CallTaxiService.cucumber.stepDefinitions.BookingFormTest.enter_invalid_data_in_field_like(java.lang.String,java.lang.String)&amp#27;[0m
  &amp#27;[32mAnd &amp#27;[0m&amp#27;[32mFill remaining details&amp#27;[0m                             &amp#27;[90m# com.CallTaxiService.cucumber.stepDefinitions.BookingFormTest.fill_remaining_details(io.cucumber.datatable.DataTable)&amp#27;[0m
    | Name    | Email                    | PhoneNo    | PassengerCount | CabType | Trip       | CarType | Time  | TripType |
    | shruthi | Shruthi.GS@cognizant.com | 1234567890 | 1              | Mini    | local trip | Non-Ac  | 10:00 | one way  |
  &amp#27;[32mAnd &amp#27;[0m&amp#27;[32mClick on Book Now&amp#27;[0m                                  &amp#27;[90m# com.CallTaxiService.cucumber.stepDefinitions.BookingFormTest.click_on_book_now()&amp#27;[0m
[ERROR] 2025-08-03 12:47:18.052 [main] - No error message for invalid Date entry!
  &amp#27;[31mThen &amp#27;[0m&amp#27;[31mBooking should not happen due to invalid &amp#27;[0m&amp#27;[31m&amp#27;[1m"Date"&amp#27;[0m   &amp#27;[90m# com.CallTaxiService.cucumber.stepDefinitions.BookingFormTest.Booking_should_not_happen_due_to_invalid(java.lang.String)&amp#27;[0m
      &amp#27;[31mjava.lang.AssertionError: expected [false] but found [true]
	at org.testng.Assert.fail(Assert.java:96)
	at org.testng.Assert.failNotEquals(Assert.java:776)
	at org.testng.Assert.assertFalse(Assert.java:65)
	at org.testng.Assert.assertFalse(Assert.java:75)
	at com.CallTaxiService.cucumber.stepDefinitions.BookingFormTest.Booking_should_not_happen_due_to_invalid(BookingFormTest.java:62)
	at ✽.Booking should not happen due to invalid "Date"(file:///C:/Users/Admin/eclipse-workspace/CallTaxiService/./src/test/java/com/CallTaxiService/cucumber/features/bookingForm.feature:87)
&amp#27;[0m
]]></system-out>
  </testcase>
  <testcase name="runScenario[&quot;Validate invalid date entry&quot;, &quot;Book a taxi functionality&quot;](24)" classname="com.CallTaxiService.cucumber.runners.CucumberRunnerTests" time="8.752">
    <failure message="expected [false] but found [true]" type="java.lang.AssertionError"><![CDATA[java.lang.AssertionError: expected [false] but found [true]
	at org.testng.Assert.fail(Assert.java:96)
	at org.testng.Assert.failNotEquals(Assert.java:776)
	at org.testng.Assert.assertFalse(Assert.java:65)
	at org.testng.Assert.assertFalse(Assert.java:75)
	at com.CallTaxiService.cucumber.stepDefinitions.BookingFormTest.Booking_should_not_happen_due_to_invalid(BookingFormTest.java:62)
	at ✽.Booking should not happen due to invalid "Date"(file:///C:/Users/Admin/eclipse-workspace/CallTaxiService/./src/test/java/com/CallTaxiService/cucumber/features/bookingForm.feature:87)
]]></failure>
    <system-out><![CDATA[
@Booking @TC_BOOK_007
Scenario Outline: Validate invalid date entry          &amp#27;[90m# src/test/java/com/CallTaxiService/cucumber/features/bookingForm.feature:91&amp#27;[0m
  &amp#27;[32mGiven &amp#27;[0m&amp#27;[32mNavigate to url by launching the browser&amp#27;[0m       &amp#27;[90m# com.CallTaxiService.cucumber.stepDefinitions.BookingFormTest.navigate_to_url_by_launching_the_browser()&amp#27;[0m
[INFO ] 2025-08-03 12:47:25.335 [main] - Booking link launched
  &amp#27;[32mWhen &amp#27;[0m&amp#27;[32mClick on Booking&amp#27;[0m                                &amp#27;[90m# com.CallTaxiService.cucumber.stepDefinitions.BookingFormTest.click_on_booking()&amp#27;[0m
Date parsing failed: Unsupported date format
  &amp#27;[32mAnd &amp#27;[0m&amp#27;[32mEnter invalid data in &amp#27;[0m&amp#27;[32m&amp#27;[1m"Date"&amp#27;[0m&amp#27;[32m field like &amp#27;[0m&amp#27;[32m&amp#27;[1m""&amp#27;[0m       &amp#27;[90m# com.CallTaxiService.cucumber.stepDefinitions.BookingFormTest.enter_invalid_data_in_field_like(java.lang.String,java.lang.String)&amp#27;[0m
  &amp#27;[32mAnd &amp#27;[0m&amp#27;[32mFill remaining details&amp#27;[0m                           &amp#27;[90m# com.CallTaxiService.cucumber.stepDefinitions.BookingFormTest.fill_remaining_details(io.cucumber.datatable.DataTable)&amp#27;[0m
    | Name    | Email                    | PhoneNo    | PassengerCount | CabType | Trip       | CarType | Time  | TripType |
    | shruthi | Shruthi.GS@cognizant.com | 1234567890 | 1              | Mini    | local trip | Non-Ac  | 10:00 | one way  |
  &amp#27;[32mAnd &amp#27;[0m&amp#27;[32mClick on Book Now&amp#27;[0m                                &amp#27;[90m# com.CallTaxiService.cucumber.stepDefinitions.BookingFormTest.click_on_book_now()&amp#27;[0m
[ERROR] 2025-08-03 12:47:26.721 [main] - No error message for invalid Date entry!
  &amp#27;[31mThen &amp#27;[0m&amp#27;[31mBooking should not happen due to invalid &amp#27;[0m&amp#27;[31m&amp#27;[1m"Date"&amp#27;[0m &amp#27;[90m# com.CallTaxiService.cucumber.stepDefinitions.BookingFormTest.Booking_should_not_happen_due_to_invalid(java.lang.String)&amp#27;[0m
      &amp#27;[31mjava.lang.AssertionError: expected [false] but found [true]
	at org.testng.Assert.fail(Assert.java:96)
	at org.testng.Assert.failNotEquals(Assert.java:776)
	at org.testng.Assert.assertFalse(Assert.java:65)
	at org.testng.Assert.assertFalse(Assert.java:75)
	at com.CallTaxiService.cucumber.stepDefinitions.BookingFormTest.Booking_should_not_happen_due_to_invalid(BookingFormTest.java:62)
	at ✽.Booking should not happen due to invalid "Date"(file:///C:/Users/Admin/eclipse-workspace/CallTaxiService/./src/test/java/com/CallTaxiService/cucumber/features/bookingForm.feature:87)
&amp#27;[0m
]]></system-out>
  </testcase>
</testsuite>